{"C:\\Users\\JaiCl\\Documents\\FIT4002 - Teamoji\\FIT4002\\client\\src\\App.js": {"path":"C:\\Users\\JaiCl\\Documents\\FIT4002 - Teamoji\\FIT4002\\client\\src\\App.js","statementMap":{"0":{"start":{"line":23,"column":42},"end":{"line":23,"column":54}},"1":{"start":{"line":24,"column":46},"end":{"line":24,"column":58}},"2":{"start":{"line":25,"column":2},"end":{"line":51,"column":4}}},"fnMap":{"0":{"name":"App","decl":{"start":{"line":22,"column":9},"end":{"line":22,"column":12}},"loc":{"start":{"line":22,"column":15},"end":{"line":52,"column":1}},"line":22}},"branchMap":{},"s":{"0":0,"1":0,"2":0},"f":{"0":0},"b":{}}
,"C:\\Users\\JaiCl\\Documents\\FIT4002 - Teamoji\\FIT4002\\client\\src\\firebase.js": {"path":"C:\\Users\\JaiCl\\Documents\\FIT4002 - Teamoji\\FIT4002\\client\\src\\firebase.js","statementMap":{"0":{"start":{"line":4,"column":23},"end":{"line":12,"column":1}},"1":{"start":{"line":14,"column":20},"end":{"line":14,"column":49}},"2":{"start":{"line":19,"column":19},"end":{"line":19,"column":43}}},"fnMap":{},"branchMap":{},"s":{"0":0,"1":0,"2":0},"f":{},"b":{}}
,"C:\\Users\\JaiCl\\Documents\\FIT4002 - Teamoji\\FIT4002\\client\\src\\index.js": {"path":"C:\\Users\\JaiCl\\Documents\\FIT4002 - Teamoji\\FIT4002\\client\\src\\index.js","statementMap":{"0":{"start":{"line":8,"column":13},"end":{"line":8,"column":65}},"1":{"start":{"line":9,"column":0},"end":{"line":15,"column":1}},"2":{"start":{"line":20,"column":0},"end":{"line":20,"column":17}}},"fnMap":{},"branchMap":{},"s":{"0":0,"1":0,"2":0},"f":{},"b":{}}
,"C:\\Users\\JaiCl\\Documents\\FIT4002 - Teamoji\\FIT4002\\client\\src\\reportWebVitals.js": {"path":"C:\\Users\\JaiCl\\Documents\\FIT4002 - Teamoji\\FIT4002\\client\\src\\reportWebVitals.js","statementMap":{"0":{"start":{"line":1,"column":24},"end":{"line":11,"column":1}},"1":{"start":{"line":2,"column":2},"end":{"line":10,"column":3}},"2":{"start":{"line":3,"column":4},"end":{"line":9,"column":6}},"3":{"start":{"line":4,"column":6},"end":{"line":4,"column":25}},"4":{"start":{"line":5,"column":6},"end":{"line":5,"column":25}},"5":{"start":{"line":6,"column":6},"end":{"line":6,"column":25}},"6":{"start":{"line":7,"column":6},"end":{"line":7,"column":25}},"7":{"start":{"line":8,"column":6},"end":{"line":8,"column":26}}},"fnMap":{"0":{"name":"(anonymous_0)","decl":{"start":{"line":1,"column":24},"end":{"line":1,"column":25}},"loc":{"start":{"line":1,"column":39},"end":{"line":11,"column":1}},"line":1},"1":{"name":"(anonymous_1)","decl":{"start":{"line":3,"column":30},"end":{"line":3,"column":31}},"loc":{"start":{"line":3,"column":79},"end":{"line":9,"column":5}},"line":3}},"branchMap":{"0":{"loc":{"start":{"line":2,"column":2},"end":{"line":10,"column":3}},"type":"if","locations":[{"start":{"line":2,"column":2},"end":{"line":10,"column":3}},{"start":{},"end":{}}],"line":2},"1":{"loc":{"start":{"line":2,"column":6},"end":{"line":2,"column":52}},"type":"binary-expr","locations":[{"start":{"line":2,"column":6},"end":{"line":2,"column":17}},{"start":{"line":2,"column":21},"end":{"line":2,"column":52}}],"line":2}},"s":{"0":0,"1":0,"2":0,"3":0,"4":0,"5":0,"6":0,"7":0},"f":{"0":0,"1":0},"b":{"0":[0,0],"1":[0,0]}}
,"C:\\Users\\JaiCl\\Documents\\FIT4002 - Teamoji\\FIT4002\\client\\src\\Components\\history_tile.js": {"path":"C:\\Users\\JaiCl\\Documents\\FIT4002 - Teamoji\\FIT4002\\client\\src\\Components\\history_tile.js","statementMap":{"0":{"start":{"line":5,"column":27},"end":{"line":54,"column":1}},"1":{"start":{"line":6,"column":30},"end":{"line":9,"column":5}},"2":{"start":{"line":8,"column":8},"end":{"line":8,"column":37}},"3":{"start":{"line":10,"column":32},"end":{"line":13,"column":5}},"4":{"start":{"line":12,"column":8},"end":{"line":12,"column":38}},"5":{"start":{"line":14,"column":4},"end":{"line":53,"column":6}}},"fnMap":{"0":{"name":"(anonymous_0)","decl":{"start":{"line":5,"column":27},"end":{"line":5,"column":28}},"loc":{"start":{"line":5,"column":38},"end":{"line":54,"column":1}},"line":5},"1":{"name":"(anonymous_1)","decl":{"start":{"line":6,"column":30},"end":{"line":6,"column":31}},"loc":{"start":{"line":6,"column":36},"end":{"line":9,"column":5}},"line":6},"2":{"name":"(anonymous_2)","decl":{"start":{"line":10,"column":32},"end":{"line":10,"column":33}},"loc":{"start":{"line":10,"column":38},"end":{"line":13,"column":5}},"line":10}},"branchMap":{"0":{"loc":{"start":{"line":30,"column":20},"end":{"line":30,"column":59}},"type":"cond-expr","locations":[{"start":{"line":30,"column":48},"end":{"line":30,"column":54}},{"start":{"line":30,"column":57},"end":{"line":30,"column":59}}],"line":30},"1":{"loc":{"start":{"line":31,"column":20},"end":{"line":31,"column":65}},"type":"cond-expr","locations":[{"start":{"line":31,"column":51},"end":{"line":31,"column":60}},{"start":{"line":31,"column":63},"end":{"line":31,"column":65}}],"line":31},"2":{"loc":{"start":{"line":36,"column":28},"end":{"line":36,"column":60}},"type":"cond-expr","locations":[{"start":{"line":36,"column":49},"end":{"line":36,"column":55}},{"start":{"line":36,"column":58},"end":{"line":36,"column":60}}],"line":36},"3":{"loc":{"start":{"line":38,"column":28},"end":{"line":40,"column":36}},"type":"cond-expr","locations":[{"start":{"line":39,"column":34},"end":{"line":39,"column":43}},{"start":{"line":40,"column":34},"end":{"line":40,"column":36}}],"line":38},"4":{"loc":{"start":{"line":38,"column":28},"end":{"line":38,"column":66}},"type":"binary-expr","locations":[{"start":{"line":38,"column":28},"end":{"line":38,"column":45}},{"start":{"line":38,"column":49},"end":{"line":38,"column":66}}],"line":38}},"s":{"0":1,"1":3,"2":3,"3":3,"4":3,"5":3},"f":{"0":3,"1":3,"2":3},"b":{"0":[1,2],"1":[1,2],"2":[1,2],"3":[1,2],"4":[3,2]},"_coverageSchema":"1a1c01bbd47fc00a2c39e90264f33305004495a9","hash":"bb7417b38dccc73beb991bb73c4604fb789246f2"}
,"C:\\Users\\JaiCl\\Documents\\FIT4002 - Teamoji\\FIT4002\\client\\src\\Components\\ACTMatrix\\act_matrix.js": {"path":"C:\\Users\\JaiCl\\Documents\\FIT4002 - Teamoji\\FIT4002\\client\\src\\Components\\ACTMatrix\\act_matrix.js","statementMap":{"0":{"start":{"line":6,"column":18},"end":{"line":81,"column":1}},"1":{"start":{"line":7,"column":40},"end":{"line":7,"column":55}},"2":{"start":{"line":8,"column":30},"end":{"line":8,"column":41}},"3":{"start":{"line":9,"column":36},"end":{"line":9,"column":60}},"4":{"start":{"line":10,"column":54},"end":{"line":10,"column":68}},"5":{"start":{"line":11,"column":22},"end":{"line":11,"column":34}},"6":{"start":{"line":13,"column":24},"end":{"line":18,"column":5}},"7":{"start":{"line":14,"column":8},"end":{"line":14,"column":27}},"8":{"start":{"line":15,"column":23},"end":{"line":15,"column":48}},"9":{"start":{"line":16,"column":8},"end":{"line":16,"column":58}},"10":{"start":{"line":17,"column":8},"end":{"line":17,"column":27}},"11":{"start":{"line":20,"column":28},"end":{"line":26,"column":5}},"12":{"start":{"line":21,"column":8},"end":{"line":25,"column":9}},"13":{"start":{"line":22,"column":12},"end":{"line":22,"column":31}},"14":{"start":{"line":23,"column":12},"end":{"line":23,"column":32}},"15":{"start":{"line":24,"column":12},"end":{"line":24,"column":65}},"16":{"start":{"line":28,"column":26},"end":{"line":32,"column":5}},"17":{"start":{"line":29,"column":8},"end":{"line":31,"column":9}},"18":{"start":{"line":30,"column":12},"end":{"line":30,"column":33}},"19":{"start":{"line":34,"column":28},"end":{"line":41,"column":5}},"20":{"start":{"line":35,"column":8},"end":{"line":40,"column":9}},"21":{"start":{"line":36,"column":23},"end":{"line":36,"column":64}},"22":{"start":{"line":37,"column":23},"end":{"line":37,"column":64}},"23":{"start":{"line":38,"column":12},"end":{"line":38,"column":68}},"24":{"start":{"line":39,"column":12},"end":{"line":39,"column":65}},"25":{"start":{"line":43,"column":4},"end":{"line":50,"column":26}},"26":{"start":{"line":44,"column":8},"end":{"line":48,"column":9}},"27":{"start":{"line":45,"column":22},"end":{"line":45,"column":40}},"28":{"start":{"line":46,"column":22},"end":{"line":46,"column":40}},"29":{"start":{"line":47,"column":12},"end":{"line":47,"column":92}},"30":{"start":{"line":52,"column":4},"end":{"line":80,"column":6}},"31":{"start":{"line":70,"column":20},"end":{"line":76,"column":40}}},"fnMap":{"0":{"name":"(anonymous_0)","decl":{"start":{"line":6,"column":18},"end":{"line":6,"column":19}},"loc":{"start":{"line":6,"column":43},"end":{"line":81,"column":1}},"line":6},"1":{"name":"(anonymous_1)","decl":{"start":{"line":13,"column":24},"end":{"line":13,"column":25}},"loc":{"start":{"line":13,"column":31},"end":{"line":18,"column":5}},"line":13},"2":{"name":"(anonymous_2)","decl":{"start":{"line":20,"column":28},"end":{"line":20,"column":29}},"loc":{"start":{"line":20,"column":35},"end":{"line":26,"column":5}},"line":20},"3":{"name":"(anonymous_3)","decl":{"start":{"line":28,"column":26},"end":{"line":28,"column":27}},"loc":{"start":{"line":28,"column":33},"end":{"line":32,"column":5}},"line":28},"4":{"name":"(anonymous_4)","decl":{"start":{"line":34,"column":28},"end":{"line":34,"column":29}},"loc":{"start":{"line":34,"column":35},"end":{"line":41,"column":5}},"line":34},"5":{"name":"(anonymous_5)","decl":{"start":{"line":43,"column":14},"end":{"line":43,"column":15}},"loc":{"start":{"line":43,"column":20},"end":{"line":50,"column":5}},"line":43},"6":{"name":"(anonymous_6)","decl":{"start":{"line":69,"column":27},"end":{"line":69,"column":28}},"loc":{"start":{"line":70,"column":20},"end":{"line":76,"column":40}},"line":70}},"branchMap":{"0":{"loc":{"start":{"line":21,"column":8},"end":{"line":25,"column":9}},"type":"if","locations":[{"start":{"line":21,"column":8},"end":{"line":25,"column":9}},{"start":{},"end":{}}],"line":21},"1":{"loc":{"start":{"line":29,"column":8},"end":{"line":31,"column":9}},"type":"if","locations":[{"start":{"line":29,"column":8},"end":{"line":31,"column":9}},{"start":{},"end":{}}],"line":29},"2":{"loc":{"start":{"line":35,"column":8},"end":{"line":40,"column":9}},"type":"if","locations":[{"start":{"line":35,"column":8},"end":{"line":40,"column":9}},{"start":{},"end":{}}],"line":35},"3":{"loc":{"start":{"line":44,"column":8},"end":{"line":48,"column":9}},"type":"if","locations":[{"start":{"line":44,"column":8},"end":{"line":48,"column":9}},{"start":{},"end":{}}],"line":44},"4":{"loc":{"start":{"line":54,"column":41},"end":{"line":54,"column":69}},"type":"cond-expr","locations":[{"start":{"line":54,"column":54},"end":{"line":54,"column":64}},{"start":{"line":54,"column":67},"end":{"line":54,"column":69}}],"line":54},"5":{"loc":{"start":{"line":61,"column":45},"end":{"line":61,"column":73}},"type":"cond-expr","locations":[{"start":{"line":61,"column":58},"end":{"line":61,"column":68}},{"start":{"line":61,"column":71},"end":{"line":61,"column":73}}],"line":61}},"s":{"0":0,"1":0,"2":0,"3":0,"4":0,"5":0,"6":0,"7":0,"8":0,"9":0,"10":0,"11":0,"12":0,"13":0,"14":0,"15":0,"16":0,"17":0,"18":0,"19":0,"20":0,"21":0,"22":0,"23":0,"24":0,"25":0,"26":0,"27":0,"28":0,"29":0,"30":0,"31":0},"f":{"0":0,"1":0,"2":0,"3":0,"4":0,"5":0,"6":0},"b":{"0":[0,0],"1":[0,0],"2":[0,0],"3":[0,0],"4":[0,0],"5":[0,0]}}
,"C:\\Users\\JaiCl\\Documents\\FIT4002 - Teamoji\\FIT4002\\client\\src\\Components\\ACTQuestions\\act-questions-dropdown.js": {"path":"C:\\Users\\JaiCl\\Documents\\FIT4002 - Teamoji\\FIT4002\\client\\src\\Components\\ACTQuestions\\act-questions-dropdown.js","statementMap":{"0":{"start":{"line":1,"column":27},"end":{"line":39,"column":3}},"1":{"start":{"line":2,"column":4},"end":{"line":38,"column":6}},"2":{"start":{"line":6,"column":36},"end":{"line":6,"column":54}},"3":{"start":{"line":34,"column":12},"end":{"line":34,"column":71}}},"fnMap":{"0":{"name":"(anonymous_0)","decl":{"start":{"line":1,"column":27},"end":{"line":1,"column":28}},"loc":{"start":{"line":1,"column":33},"end":{"line":39,"column":3}},"line":1},"1":{"name":"(anonymous_1)","decl":{"start":{"line":6,"column":25},"end":{"line":6,"column":26}},"loc":{"start":{"line":6,"column":36},"end":{"line":6,"column":54}},"line":6},"2":{"name":"(anonymous_2)","decl":{"start":{"line":33,"column":16},"end":{"line":33,"column":17}},"loc":{"start":{"line":33,"column":22},"end":{"line":35,"column":11}},"line":33}},"branchMap":{},"s":{"0":0,"1":0,"2":0,"3":0},"f":{"0":0,"1":0,"2":0},"b":{}}
,"C:\\Users\\JaiCl\\Documents\\FIT4002 - Teamoji\\FIT4002\\client\\src\\Components\\ACTQuestions\\act-questions-icons.js": {"path":"C:\\Users\\JaiCl\\Documents\\FIT4002 - Teamoji\\FIT4002\\client\\src\\Components\\ACTQuestions\\act-questions-icons.js","statementMap":{"0":{"start":{"line":4,"column":22},"end":{"line":21,"column":1}},"1":{"start":{"line":23,"column":29},"end":{"line":122,"column":1}},"2":{"start":{"line":24,"column":17},"end":{"line":24,"column":46}},"3":{"start":{"line":25,"column":30},"end":{"line":25,"column":45}},"4":{"start":{"line":26,"column":44},"end":{"line":26,"column":82}},"5":{"start":{"line":27,"column":22},"end":{"line":27,"column":34}},"6":{"start":{"line":28,"column":26},"end":{"line":28,"column":38}},"7":{"start":{"line":29,"column":20},"end":{"line":29,"column":23}},"8":{"start":{"line":30,"column":20},"end":{"line":30,"column":22}},"9":{"start":{"line":31,"column":19},"end":{"line":31,"column":21}},"10":{"start":{"line":33,"column":25},"end":{"line":35,"column":3}},"11":{"start":{"line":34,"column":4},"end":{"line":34,"column":41}},"12":{"start":{"line":34,"column":28},"end":{"line":34,"column":39}},"13":{"start":{"line":37,"column":28},"end":{"line":67,"column":3}},"14":{"start":{"line":38,"column":4},"end":{"line":38,"column":28}},"15":{"start":{"line":39,"column":4},"end":{"line":39,"column":21}},"16":{"start":{"line":42,"column":4},"end":{"line":66,"column":7}},"17":{"start":{"line":44,"column":8},"end":{"line":44,"column":35}},"18":{"start":{"line":45,"column":8},"end":{"line":62,"column":11}},"19":{"start":{"line":46,"column":10},"end":{"line":61,"column":11}},"20":{"start":{"line":47,"column":12},"end":{"line":47,"column":40}},"21":{"start":{"line":48,"column":12},"end":{"line":48,"column":37}},"22":{"start":{"line":49,"column":12},"end":{"line":49,"column":53}},"23":{"start":{"line":51,"column":12},"end":{"line":59,"column":14}},"24":{"start":{"line":56,"column":14},"end":{"line":56,"column":40}},"25":{"start":{"line":58,"column":14},"end":{"line":58,"column":62}},"26":{"start":{"line":60,"column":12},"end":{"line":60,"column":19}},"27":{"start":{"line":65,"column":8},"end":{"line":65,"column":58}},"28":{"start":{"line":69,"column":2},"end":{"line":85,"column":15}},"29":{"start":{"line":71,"column":6},"end":{"line":74,"column":7}},"30":{"start":{"line":72,"column":8},"end":{"line":72,"column":67}},"31":{"start":{"line":73,"column":8},"end":{"line":73,"column":25}},"32":{"start":{"line":77,"column":4},"end":{"line":81,"column":5}},"33":{"start":{"line":78,"column":8},"end":{"line":78,"column":67}},"34":{"start":{"line":80,"column":8},"end":{"line":80,"column":70}},"35":{"start":{"line":82,"column":4},"end":{"line":84,"column":6}},"36":{"start":{"line":83,"column":8},"end":{"line":83,"column":70}},"37":{"start":{"line":87,"column":2},"end":{"line":121,"column":4}},"38":{"start":{"line":93,"column":43},"end":{"line":93,"column":71}},"39":{"start":{"line":106,"column":12},"end":{"line":116,"column":18}},"40":{"start":{"line":109,"column":29},"end":{"line":109,"column":58}}},"fnMap":{"0":{"name":"(anonymous_0)","decl":{"start":{"line":23,"column":29},"end":{"line":23,"column":30}},"loc":{"start":{"line":23,"column":82},"end":{"line":122,"column":1}},"line":23},"1":{"name":"(anonymous_1)","decl":{"start":{"line":33,"column":25},"end":{"line":33,"column":26}},"loc":{"start":{"line":33,"column":31},"end":{"line":35,"column":3}},"line":33},"2":{"name":"(anonymous_2)","decl":{"start":{"line":34,"column":14},"end":{"line":34,"column":15}},"loc":{"start":{"line":34,"column":28},"end":{"line":34,"column":39}},"line":34},"3":{"name":"(anonymous_3)","decl":{"start":{"line":37,"column":28},"end":{"line":37,"column":29}},"loc":{"start":{"line":37,"column":39},"end":{"line":67,"column":3}},"line":37},"4":{"name":"(anonymous_4)","decl":{"start":{"line":43,"column":10},"end":{"line":43,"column":11}},"loc":{"start":{"line":43,"column":24},"end":{"line":63,"column":7}},"line":43},"5":{"name":"(anonymous_5)","decl":{"start":{"line":45,"column":30},"end":{"line":45,"column":31}},"loc":{"start":{"line":45,"column":42},"end":{"line":62,"column":9}},"line":45},"6":{"name":"(anonymous_6)","decl":{"start":{"line":55,"column":18},"end":{"line":55,"column":19}},"loc":{"start":{"line":55,"column":32},"end":{"line":57,"column":13}},"line":55},"7":{"name":"(anonymous_7)","decl":{"start":{"line":57,"column":21},"end":{"line":57,"column":22}},"loc":{"start":{"line":57,"column":32},"end":{"line":59,"column":13}},"line":57},"8":{"name":"(anonymous_8)","decl":{"start":{"line":64,"column":11},"end":{"line":64,"column":12}},"loc":{"start":{"line":64,"column":22},"end":{"line":66,"column":5}},"line":64},"9":{"name":"(anonymous_9)","decl":{"start":{"line":69,"column":12},"end":{"line":69,"column":13}},"loc":{"start":{"line":69,"column":18},"end":{"line":85,"column":3}},"line":69},"10":{"name":"handleOutsideClick","decl":{"start":{"line":70,"column":13},"end":{"line":70,"column":31}},"loc":{"start":{"line":70,"column":39},"end":{"line":75,"column":5}},"line":70},"11":{"name":"(anonymous_11)","decl":{"start":{"line":82,"column":11},"end":{"line":82,"column":12}},"loc":{"start":{"line":82,"column":17},"end":{"line":84,"column":5}},"line":82},"12":{"name":"(anonymous_12)","decl":{"start":{"line":93,"column":33},"end":{"line":93,"column":34}},"loc":{"start":{"line":93,"column":43},"end":{"line":93,"column":71}},"line":93},"13":{"name":"(anonymous_13)","decl":{"start":{"line":105,"column":29},"end":{"line":105,"column":30}},"loc":{"start":{"line":106,"column":12},"end":{"line":116,"column":18}},"line":106},"14":{"name":"(anonymous_14)","decl":{"start":{"line":109,"column":23},"end":{"line":109,"column":24}},"loc":{"start":{"line":109,"column":29},"end":{"line":109,"column":58}},"line":109}},"branchMap":{"0":{"loc":{"start":{"line":46,"column":10},"end":{"line":61,"column":11}},"type":"if","locations":[{"start":{"line":46,"column":10},"end":{"line":61,"column":11}},{"start":{},"end":{}}],"line":46},"1":{"loc":{"start":{"line":71,"column":6},"end":{"line":74,"column":7}},"type":"if","locations":[{"start":{"line":71,"column":6},"end":{"line":74,"column":7}},{"start":{},"end":{}}],"line":71},"2":{"loc":{"start":{"line":71,"column":10},"end":{"line":71,"column":103}},"type":"binary-expr","locations":[{"start":{"line":71,"column":10},"end":{"line":71,"column":25}},{"start":{"line":71,"column":29},"end":{"line":71,"column":52}},{"start":{"line":71,"column":56},"end":{"line":71,"column":103}}],"line":71},"3":{"loc":{"start":{"line":77,"column":4},"end":{"line":81,"column":5}},"type":"if","locations":[{"start":{"line":77,"column":4},"end":{"line":81,"column":5}},{"start":{"line":79,"column":11},"end":{"line":81,"column":5}}],"line":77},"4":{"loc":{"start":{"line":90,"column":9},"end":{"line":101,"column":9}},"type":"cond-expr","locations":[{"start":{"line":91,"column":10},"end":{"line":98,"column":12}},{"start":{"line":100,"column":10},"end":{"line":100,"column":28}}],"line":90},"5":{"loc":{"start":{"line":103,"column":7},"end":{"line":119,"column":7}},"type":"binary-expr","locations":[{"start":{"line":103,"column":7},"end":{"line":103,"column":13}},{"start":{"line":104,"column":8},"end":{"line":118,"column":14}}],"line":103}},"s":{"0":0,"1":0,"2":0,"3":0,"4":0,"5":0,"6":0,"7":0,"8":0,"9":0,"10":0,"11":0,"12":0,"13":0,"14":0,"15":0,"16":0,"17":0,"18":0,"19":0,"20":0,"21":0,"22":0,"23":0,"24":0,"25":0,"26":0,"27":0,"28":0,"29":0,"30":0,"31":0,"32":0,"33":0,"34":0,"35":0,"36":0,"37":0,"38":0,"39":0,"40":0},"f":{"0":0,"1":0,"2":0,"3":0,"4":0,"5":0,"6":0,"7":0,"8":0,"9":0,"10":0,"11":0,"12":0,"13":0,"14":0},"b":{"0":[0,0],"1":[0,0],"2":[0,0,0],"3":[0,0],"4":[0,0],"5":[0,0]}}
,"C:\\Users\\JaiCl\\Documents\\FIT4002 - Teamoji\\FIT4002\\client\\src\\Components\\ACTQuestions\\act_questions.js": {"path":"C:\\Users\\JaiCl\\Documents\\FIT4002 - Teamoji\\FIT4002\\client\\src\\Components\\ACTQuestions\\act_questions.js","statementMap":{"0":{"start":{"line":9,"column":21},"end":{"line":120,"column":1}},"1":{"start":{"line":11,"column":17},"end":{"line":11,"column":46}},"2":{"start":{"line":13,"column":26},"end":{"line":13,"column":46}},"3":{"start":{"line":14,"column":17},"end":{"line":14,"column":25}},"4":{"start":{"line":15,"column":20},"end":{"line":15,"column":23}},"5":{"start":{"line":16,"column":48},"end":{"line":16,"column":75}},"6":{"start":{"line":17,"column":36},"end":{"line":17,"column":51}},"7":{"start":{"line":18,"column":36},"end":{"line":18,"column":48}},"8":{"start":{"line":19,"column":46},"end":{"line":19,"column":60}},"9":{"start":{"line":20,"column":50},"end":{"line":20,"column":62}},"10":{"start":{"line":22,"column":2},"end":{"line":24,"column":13}},"11":{"start":{"line":23,"column":4},"end":{"line":23,"column":38}},"12":{"start":{"line":26,"column":2},"end":{"line":45,"column":13}},"13":{"start":{"line":28,"column":4},"end":{"line":44,"column":7}},"14":{"start":{"line":29,"column":8},"end":{"line":40,"column":11}},"15":{"start":{"line":35,"column":12},"end":{"line":35,"column":73}},"16":{"start":{"line":36,"column":12},"end":{"line":36,"column":32}},"17":{"start":{"line":39,"column":12},"end":{"line":39,"column":61}},"18":{"start":{"line":43,"column":8},"end":{"line":43,"column":33}},"19":{"start":{"line":48,"column":2},"end":{"line":65,"column":24}},"20":{"start":{"line":49,"column":4},"end":{"line":64,"column":9}},"21":{"start":{"line":51,"column":8},"end":{"line":51,"column":36}},"22":{"start":{"line":52,"column":8},"end":{"line":52,"column":35}},"23":{"start":{"line":54,"column":8},"end":{"line":59,"column":11}},"24":{"start":{"line":55,"column":10},"end":{"line":58,"column":11}},"25":{"start":{"line":56,"column":12},"end":{"line":56,"column":45}},"26":{"start":{"line":57,"column":12},"end":{"line":57,"column":19}},"27":{"start":{"line":63,"column":8},"end":{"line":63,"column":58}},"28":{"start":{"line":108,"column":22},"end":{"line":111,"column":3}},"29":{"start":{"line":109,"column":4},"end":{"line":109,"column":34}},"30":{"start":{"line":110,"column":4},"end":{"line":110,"column":23}},"31":{"start":{"line":113,"column":2},"end":{"line":119,"column":4}}},"fnMap":{"0":{"name":"(anonymous_0)","decl":{"start":{"line":9,"column":21},"end":{"line":9,"column":22}},"loc":{"start":{"line":9,"column":45},"end":{"line":120,"column":1}},"line":9},"1":{"name":"(anonymous_1)","decl":{"start":{"line":22,"column":12},"end":{"line":22,"column":13}},"loc":{"start":{"line":22,"column":18},"end":{"line":24,"column":3}},"line":22},"2":{"name":"(anonymous_2)","decl":{"start":{"line":26,"column":12},"end":{"line":26,"column":13}},"loc":{"start":{"line":26,"column":18},"end":{"line":45,"column":3}},"line":26},"3":{"name":"(anonymous_3)","decl":{"start":{"line":34,"column":14},"end":{"line":34,"column":15}},"loc":{"start":{"line":34,"column":28},"end":{"line":37,"column":9}},"line":34},"4":{"name":"(anonymous_4)","decl":{"start":{"line":38,"column":15},"end":{"line":38,"column":16}},"loc":{"start":{"line":38,"column":26},"end":{"line":40,"column":9}},"line":38},"5":{"name":"(anonymous_5)","decl":{"start":{"line":48,"column":12},"end":{"line":48,"column":13}},"loc":{"start":{"line":48,"column":18},"end":{"line":65,"column":3}},"line":48},"6":{"name":"(anonymous_6)","decl":{"start":{"line":50,"column":12},"end":{"line":50,"column":13}},"loc":{"start":{"line":50,"column":26},"end":{"line":61,"column":7}},"line":50},"7":{"name":"(anonymous_7)","decl":{"start":{"line":54,"column":26},"end":{"line":54,"column":27}},"loc":{"start":{"line":54,"column":38},"end":{"line":59,"column":9}},"line":54},"8":{"name":"(anonymous_8)","decl":{"start":{"line":62,"column":13},"end":{"line":62,"column":14}},"loc":{"start":{"line":62,"column":24},"end":{"line":64,"column":7}},"line":62},"9":{"name":"(anonymous_9)","decl":{"start":{"line":108,"column":22},"end":{"line":108,"column":23}},"loc":{"start":{"line":108,"column":29},"end":{"line":111,"column":3}},"line":108}},"branchMap":{"0":{"loc":{"start":{"line":13,"column":35},"end":{"line":13,"column":45}},"type":"binary-expr","locations":[{"start":{"line":13,"column":35},"end":{"line":13,"column":39}},{"start":{"line":13,"column":43},"end":{"line":13,"column":45}}],"line":13},"1":{"loc":{"start":{"line":28,"column":4},"end":{"line":44,"column":7}},"type":"if","locations":[{"start":{"line":28,"column":4},"end":{"line":44,"column":7}},{"start":{"line":41,"column":11},"end":{"line":44,"column":7}}],"line":28},"2":{"loc":{"start":{"line":28,"column":8},"end":{"line":28,"column":36}},"type":"binary-expr","locations":[{"start":{"line":28,"column":8},"end":{"line":28,"column":23}},{"start":{"line":28,"column":27},"end":{"line":28,"column":36}}],"line":28},"3":{"loc":{"start":{"line":55,"column":10},"end":{"line":58,"column":11}},"type":"if","locations":[{"start":{"line":55,"column":10},"end":{"line":58,"column":11}},{"start":{},"end":{}}],"line":55}},"s":{"0":0,"1":0,"2":0,"3":0,"4":0,"5":0,"6":0,"7":0,"8":0,"9":0,"10":0,"11":0,"12":0,"13":0,"14":0,"15":0,"16":0,"17":0,"18":0,"19":0,"20":0,"21":0,"22":0,"23":0,"24":0,"25":0,"26":0,"27":0,"28":0,"29":0,"30":0,"31":0},"f":{"0":0,"1":0,"2":0,"3":0,"4":0,"5":0,"6":0,"7":0,"8":0,"9":0},"b":{"0":[0,0],"1":[0,0],"2":[0,0],"3":[0,0]}}
,"C:\\Users\\JaiCl\\Documents\\FIT4002 - Teamoji\\FIT4002\\client\\src\\Components\\ACTQuestions\\act_questions_container.js": {"path":"C:\\Users\\JaiCl\\Documents\\FIT4002 - Teamoji\\FIT4002\\client\\src\\Components\\ACTQuestions\\act_questions_container.js","statementMap":{"0":{"start":{"line":5,"column":30},"end":{"line":15,"column":1}},"1":{"start":{"line":6,"column":29},"end":{"line":6,"column":85}},"2":{"start":{"line":6,"column":56},"end":{"line":6,"column":84}},"3":{"start":{"line":7,"column":4},"end":{"line":14,"column":6}}},"fnMap":{"0":{"name":"(anonymous_0)","decl":{"start":{"line":5,"column":30},"end":{"line":5,"column":31}},"loc":{"start":{"line":5,"column":49},"end":{"line":15,"column":1}},"line":5},"1":{"name":"(anonymous_1)","decl":{"start":{"line":6,"column":44},"end":{"line":6,"column":45}},"loc":{"start":{"line":6,"column":56},"end":{"line":6,"column":84}},"line":6}},"branchMap":{"0":{"loc":{"start":{"line":9,"column":13},"end":{"line":11,"column":13}},"type":"binary-expr","locations":[{"start":{"line":9,"column":13},"end":{"line":9,"column":29}},{"start":{"line":10,"column":16},"end":{"line":10,"column":140}}],"line":9}},"s":{"0":0,"1":0,"2":0,"3":0},"f":{"0":0,"1":0},"b":{"0":[0,0]}}
,"C:\\Users\\JaiCl\\Documents\\FIT4002 - Teamoji\\FIT4002\\client\\src\\Components\\ACTSidebar\\act-sidebar.js": {"path":"C:\\Users\\JaiCl\\Documents\\FIT4002 - Teamoji\\FIT4002\\client\\src\\Components\\ACTSidebar\\act-sidebar.js","statementMap":{"0":{"start":{"line":10,"column":19},"end":{"line":50,"column":1}},"1":{"start":{"line":11,"column":17},"end":{"line":11,"column":46}},"2":{"start":{"line":13,"column":26},"end":{"line":26,"column":3}},"3":{"start":{"line":14,"column":4},"end":{"line":14,"column":35}},"4":{"start":{"line":17,"column":4},"end":{"line":25,"column":9}},"5":{"start":{"line":20,"column":8},"end":{"line":20,"column":35}},"6":{"start":{"line":23,"column":8},"end":{"line":23,"column":71}},"7":{"start":{"line":24,"column":8},"end":{"line":24,"column":60}},"8":{"start":{"line":29,"column":4},"end":{"line":29,"column":50}},"9":{"start":{"line":29,"column":36},"end":{"line":29,"column":47}},"10":{"start":{"line":32,"column":2},"end":{"line":49,"column":4}},"11":{"start":{"line":36,"column":61},"end":{"line":36,"column":84}}},"fnMap":{"0":{"name":"(anonymous_0)","decl":{"start":{"line":10,"column":19},"end":{"line":10,"column":20}},"loc":{"start":{"line":10,"column":44},"end":{"line":50,"column":1}},"line":10},"1":{"name":"(anonymous_1)","decl":{"start":{"line":13,"column":26},"end":{"line":13,"column":27}},"loc":{"start":{"line":13,"column":36},"end":{"line":26,"column":3}},"line":13},"2":{"name":"(anonymous_2)","decl":{"start":{"line":19,"column":12},"end":{"line":19,"column":13}},"loc":{"start":{"line":19,"column":26},"end":{"line":21,"column":7}},"line":19},"3":{"name":"(anonymous_3)","decl":{"start":{"line":22,"column":13},"end":{"line":22,"column":14}},"loc":{"start":{"line":22,"column":24},"end":{"line":25,"column":7}},"line":22},"4":{"name":"handleRemove","decl":{"start":{"line":28,"column":11},"end":{"line":28,"column":23}},"loc":{"start":{"line":28,"column":31},"end":{"line":30,"column":3}},"line":28},"5":{"name":"(anonymous_5)","decl":{"start":{"line":29,"column":26},"end":{"line":29,"column":27}},"loc":{"start":{"line":29,"column":36},"end":{"line":29,"column":47}},"line":29},"6":{"name":"(anonymous_6)","decl":{"start":{"line":36,"column":55},"end":{"line":36,"column":56}},"loc":{"start":{"line":36,"column":61},"end":{"line":36,"column":84}},"line":36}},"branchMap":{},"s":{"0":0,"1":0,"2":0,"3":0,"4":0,"5":0,"6":0,"7":0,"8":0,"9":0,"10":0,"11":0},"f":{"0":0,"1":0,"2":0,"3":0,"4":0,"5":0,"6":0},"b":{}}
,"C:\\Users\\JaiCl\\Documents\\FIT4002 - Teamoji\\FIT4002\\client\\src\\Components\\Buttons\\Checkbox.js": {"path":"C:\\Users\\JaiCl\\Documents\\FIT4002 - Teamoji\\FIT4002\\client\\src\\Components\\Buttons\\Checkbox.js","statementMap":{"0":{"start":{"line":4,"column":17},"end":{"line":19,"column":1}},"1":{"start":{"line":5,"column":25},"end":{"line":5,"column":41}},"2":{"start":{"line":6,"column":36},"end":{"line":6,"column":60}},"3":{"start":{"line":8,"column":2},"end":{"line":18,"column":3}},"4":{"start":{"line":13,"column":24},"end":{"line":13,"column":53}},"5":{"start":{"line":13,"column":47},"end":{"line":13,"column":52}}},"fnMap":{"0":{"name":"(anonymous_0)","decl":{"start":{"line":4,"column":17},"end":{"line":4,"column":18}},"loc":{"start":{"line":4,"column":51},"end":{"line":19,"column":1}},"line":4},"1":{"name":"(anonymous_1)","decl":{"start":{"line":13,"column":18},"end":{"line":13,"column":19}},"loc":{"start":{"line":13,"column":24},"end":{"line":13,"column":53}},"line":13},"2":{"name":"(anonymous_2)","decl":{"start":{"line":13,"column":37},"end":{"line":13,"column":38}},"loc":{"start":{"line":13,"column":47},"end":{"line":13,"column":52}},"line":13}},"branchMap":{"0":{"loc":{"start":{"line":5,"column":25},"end":{"line":5,"column":41}},"type":"binary-expr","locations":[{"start":{"line":5,"column":25},"end":{"line":5,"column":32}},{"start":{"line":5,"column":36},"end":{"line":5,"column":41}}],"line":5}},"s":{"0":0,"1":0,"2":0,"3":0,"4":0,"5":0},"f":{"0":0,"1":0,"2":0},"b":{"0":[0,0]}}
,"C:\\Users\\JaiCl\\Documents\\FIT4002 - Teamoji\\FIT4002\\client\\src\\Components\\Buttons\\textButton.js": {"path":"C:\\Users\\JaiCl\\Documents\\FIT4002 - Teamoji\\FIT4002\\client\\src\\Components\\Buttons\\textButton.js","statementMap":{"0":{"start":{"line":4,"column":19},"end":{"line":17,"column":1}},"1":{"start":{"line":5,"column":18},"end":{"line":5,"column":58}},"2":{"start":{"line":6,"column":4},"end":{"line":16,"column":6}}},"fnMap":{"0":{"name":"(anonymous_0)","decl":{"start":{"line":4,"column":19},"end":{"line":4,"column":20}},"loc":{"start":{"line":4,"column":63},"end":{"line":17,"column":1}},"line":4}},"branchMap":{"0":{"loc":{"start":{"line":9,"column":27},"end":{"line":9,"column":48}},"type":"binary-expr","locations":[{"start":{"line":9,"column":27},"end":{"line":9,"column":31}},{"start":{"line":9,"column":35},"end":{"line":9,"column":48}}],"line":9}},"s":{"0":0,"1":0,"2":0},"f":{"0":0},"b":{"0":[0,0]}}
,"C:\\Users\\JaiCl\\Documents\\FIT4002 - Teamoji\\FIT4002\\client\\src\\Components\\DraggableIcons\\blue_pointer_icon.js": {"path":"C:\\Users\\JaiCl\\Documents\\FIT4002 - Teamoji\\FIT4002\\client\\src\\Components\\DraggableIcons\\blue_pointer_icon.js","statementMap":{"0":{"start":{"line":4,"column":24},"end":{"line":40,"column":1}},"1":{"start":{"line":5,"column":34},"end":{"line":5,"column":58}},"2":{"start":{"line":6,"column":34},"end":{"line":6,"column":49}},"3":{"start":{"line":8,"column":26},"end":{"line":14,"column":3}},"4":{"start":{"line":9,"column":4},"end":{"line":9,"column":21}},"5":{"start":{"line":10,"column":4},"end":{"line":13,"column":6}},"6":{"start":{"line":16,"column":26},"end":{"line":23,"column":3}},"7":{"start":{"line":17,"column":4},"end":{"line":22,"column":5}},"8":{"start":{"line":18,"column":6},"end":{"line":21,"column":8}},"9":{"start":{"line":25,"column":24},"end":{"line":27,"column":3}},"10":{"start":{"line":26,"column":4},"end":{"line":26,"column":22}},"11":{"start":{"line":29,"column":2},"end":{"line":39,"column":3}}},"fnMap":{"0":{"name":"(anonymous_0)","decl":{"start":{"line":4,"column":24},"end":{"line":4,"column":25}},"loc":{"start":{"line":4,"column":30},"end":{"line":40,"column":1}},"line":4},"1":{"name":"(anonymous_1)","decl":{"start":{"line":8,"column":26},"end":{"line":8,"column":27}},"loc":{"start":{"line":8,"column":37},"end":{"line":14,"column":3}},"line":8},"2":{"name":"(anonymous_2)","decl":{"start":{"line":16,"column":26},"end":{"line":16,"column":27}},"loc":{"start":{"line":16,"column":37},"end":{"line":23,"column":3}},"line":16},"3":{"name":"(anonymous_3)","decl":{"start":{"line":25,"column":24},"end":{"line":25,"column":25}},"loc":{"start":{"line":25,"column":30},"end":{"line":27,"column":3}},"line":25}},"branchMap":{"0":{"loc":{"start":{"line":17,"column":4},"end":{"line":22,"column":5}},"type":"if","locations":[{"start":{"line":17,"column":4},"end":{"line":22,"column":5}},{"start":{},"end":{}}],"line":17}},"s":{"0":0,"1":0,"2":0,"3":0,"4":0,"5":0,"6":0,"7":0,"8":0,"9":0,"10":0,"11":0},"f":{"0":0,"1":0,"2":0,"3":0},"b":{"0":[0,0]}}
,"C:\\Users\\JaiCl\\Documents\\FIT4002 - Teamoji\\FIT4002\\client\\src\\Components\\DraggableIcons\\emoji_icon.js": {"path":"C:\\Users\\JaiCl\\Documents\\FIT4002 - Teamoji\\FIT4002\\client\\src\\Components\\DraggableIcons\\emoji_icon.js","statementMap":{"0":{"start":{"line":4,"column":17},"end":{"line":40,"column":1}},"1":{"start":{"line":5,"column":34},"end":{"line":5,"column":58}},"2":{"start":{"line":6,"column":34},"end":{"line":6,"column":49}},"3":{"start":{"line":8,"column":26},"end":{"line":14,"column":3}},"4":{"start":{"line":9,"column":4},"end":{"line":9,"column":21}},"5":{"start":{"line":10,"column":4},"end":{"line":13,"column":6}},"6":{"start":{"line":16,"column":26},"end":{"line":23,"column":3}},"7":{"start":{"line":17,"column":4},"end":{"line":22,"column":5}},"8":{"start":{"line":18,"column":6},"end":{"line":21,"column":8}},"9":{"start":{"line":25,"column":24},"end":{"line":27,"column":3}},"10":{"start":{"line":26,"column":4},"end":{"line":26,"column":22}},"11":{"start":{"line":29,"column":2},"end":{"line":39,"column":3}}},"fnMap":{"0":{"name":"(anonymous_0)","decl":{"start":{"line":4,"column":17},"end":{"line":4,"column":18}},"loc":{"start":{"line":4,"column":23},"end":{"line":40,"column":1}},"line":4},"1":{"name":"(anonymous_1)","decl":{"start":{"line":8,"column":26},"end":{"line":8,"column":27}},"loc":{"start":{"line":8,"column":37},"end":{"line":14,"column":3}},"line":8},"2":{"name":"(anonymous_2)","decl":{"start":{"line":16,"column":26},"end":{"line":16,"column":27}},"loc":{"start":{"line":16,"column":37},"end":{"line":23,"column":3}},"line":16},"3":{"name":"(anonymous_3)","decl":{"start":{"line":25,"column":24},"end":{"line":25,"column":25}},"loc":{"start":{"line":25,"column":30},"end":{"line":27,"column":3}},"line":25}},"branchMap":{"0":{"loc":{"start":{"line":17,"column":4},"end":{"line":22,"column":5}},"type":"if","locations":[{"start":{"line":17,"column":4},"end":{"line":22,"column":5}},{"start":{},"end":{}}],"line":17}},"s":{"0":0,"1":0,"2":0,"3":0,"4":0,"5":0,"6":0,"7":0,"8":0,"9":0,"10":0,"11":0},"f":{"0":0,"1":0,"2":0,"3":0},"b":{"0":[0,0]}}
,"C:\\Users\\JaiCl\\Documents\\FIT4002 - Teamoji\\FIT4002\\client\\src\\Components\\DraggableIcons\\sheet_icon.js": {"path":"C:\\Users\\JaiCl\\Documents\\FIT4002 - Teamoji\\FIT4002\\client\\src\\Components\\DraggableIcons\\sheet_icon.js","statementMap":{"0":{"start":{"line":4,"column":18},"end":{"line":40,"column":1}},"1":{"start":{"line":5,"column":34},"end":{"line":5,"column":58}},"2":{"start":{"line":6,"column":34},"end":{"line":6,"column":49}},"3":{"start":{"line":8,"column":26},"end":{"line":14,"column":3}},"4":{"start":{"line":9,"column":4},"end":{"line":9,"column":21}},"5":{"start":{"line":10,"column":4},"end":{"line":13,"column":6}},"6":{"start":{"line":16,"column":26},"end":{"line":23,"column":3}},"7":{"start":{"line":17,"column":4},"end":{"line":22,"column":5}},"8":{"start":{"line":18,"column":6},"end":{"line":21,"column":8}},"9":{"start":{"line":25,"column":24},"end":{"line":27,"column":3}},"10":{"start":{"line":26,"column":4},"end":{"line":26,"column":22}},"11":{"start":{"line":29,"column":2},"end":{"line":39,"column":3}}},"fnMap":{"0":{"name":"(anonymous_0)","decl":{"start":{"line":4,"column":18},"end":{"line":4,"column":19}},"loc":{"start":{"line":4,"column":24},"end":{"line":40,"column":1}},"line":4},"1":{"name":"(anonymous_1)","decl":{"start":{"line":8,"column":26},"end":{"line":8,"column":27}},"loc":{"start":{"line":8,"column":37},"end":{"line":14,"column":3}},"line":8},"2":{"name":"(anonymous_2)","decl":{"start":{"line":16,"column":26},"end":{"line":16,"column":27}},"loc":{"start":{"line":16,"column":37},"end":{"line":23,"column":3}},"line":16},"3":{"name":"(anonymous_3)","decl":{"start":{"line":25,"column":24},"end":{"line":25,"column":25}},"loc":{"start":{"line":25,"column":30},"end":{"line":27,"column":3}},"line":25}},"branchMap":{"0":{"loc":{"start":{"line":17,"column":4},"end":{"line":22,"column":5}},"type":"if","locations":[{"start":{"line":17,"column":4},"end":{"line":22,"column":5}},{"start":{},"end":{}}],"line":17}},"s":{"0":0,"1":0,"2":0,"3":0,"4":0,"5":0,"6":0,"7":0,"8":0,"9":0,"10":0,"11":0},"f":{"0":0,"1":0,"2":0,"3":0},"b":{"0":[0,0]}}
,"C:\\Users\\JaiCl\\Documents\\FIT4002 - Teamoji\\FIT4002\\client\\src\\Components\\Modal\\modal.js": {"path":"C:\\Users\\JaiCl\\Documents\\FIT4002 - Teamoji\\FIT4002\\client\\src\\Components\\Modal\\modal.js","statementMap":{"0":{"start":{"line":7,"column":14},"end":{"line":70,"column":1}},"1":{"start":{"line":8,"column":28},"end":{"line":8,"column":79}},"2":{"start":{"line":9,"column":19},"end":{"line":9,"column":32}},"3":{"start":{"line":11,"column":38},"end":{"line":13,"column":3}},"4":{"start":{"line":12,"column":4},"end":{"line":12,"column":29}},"5":{"start":{"line":15,"column":2},"end":{"line":69,"column":4}}},"fnMap":{"0":{"name":"(anonymous_0)","decl":{"start":{"line":7,"column":14},"end":{"line":7,"column":15}},"loc":{"start":{"line":7,"column":49},"end":{"line":70,"column":1}},"line":7},"1":{"name":"(anonymous_1)","decl":{"start":{"line":11,"column":38},"end":{"line":11,"column":39}},"loc":{"start":{"line":11,"column":44},"end":{"line":13,"column":3}},"line":11}},"branchMap":{"0":{"loc":{"start":{"line":8,"column":28},"end":{"line":8,"column":79}},"type":"cond-expr","locations":[{"start":{"line":8,"column":35},"end":{"line":8,"column":56}},{"start":{"line":8,"column":59},"end":{"line":8,"column":79}}],"line":8},"1":{"loc":{"start":{"line":15,"column":9},"end":{"line":69,"column":3}},"type":"cond-expr","locations":[{"start":{"line":16,"column":4},"end":{"line":43,"column":10}},{"start":{"line":45,"column":4},"end":{"line":68,"column":10}}],"line":15}},"s":{"0":0,"1":0,"2":0,"3":0,"4":0,"5":0},"f":{"0":0,"1":0},"b":{"0":[0,0],"1":[0,0]}}
,"C:\\Users\\JaiCl\\Documents\\FIT4002 - Teamoji\\FIT4002\\client\\src\\Components\\NavigationStickyNote\\stick_note.js": {"path":"C:\\Users\\JaiCl\\Documents\\FIT4002 - Teamoji\\FIT4002\\client\\src\\Components\\NavigationStickyNote\\stick_note.js","statementMap":{"0":{"start":{"line":6,"column":15},"end":{"line":6,"column":37}},"1":{"start":{"line":8,"column":19},"end":{"line":16,"column":6}},"2":{"start":{"line":17,"column":4},"end":{"line":17,"column":21}},"3":{"start":{"line":18,"column":4},"end":{"line":18,"column":32}},"4":{"start":{"line":19,"column":4},"end":{"line":26,"column":5}},"5":{"start":{"line":28,"column":2},"end":{"line":39,"column":3}}},"fnMap":{"0":{"name":"StickyNotes","decl":{"start":{"line":4,"column":9},"end":{"line":4,"column":20}},"loc":{"start":{"line":4,"column":24},"end":{"line":40,"column":1}},"line":4},"1":{"name":"handleClick","decl":{"start":{"line":5,"column":11},"end":{"line":5,"column":22}},"loc":{"start":{"line":5,"column":31},"end":{"line":27,"column":3}},"line":5}},"branchMap":{},"s":{"0":0,"1":0,"2":0,"3":0,"4":0,"5":0},"f":{"0":0,"1":0},"b":{}}
,"C:\\Users\\JaiCl\\Documents\\FIT4002 - Teamoji\\FIT4002\\client\\src\\Components\\Note\\Note.js": {"path":"C:\\Users\\JaiCl\\Documents\\FIT4002 - Teamoji\\FIT4002\\client\\src\\Components\\Note\\Note.js","statementMap":{"0":{"start":{"line":6,"column":13},"end":{"line":113,"column":1}},"1":{"start":{"line":7,"column":46},"end":{"line":7,"column":76}},"2":{"start":{"line":8,"column":19},"end":{"line":8,"column":48}},"3":{"start":{"line":9,"column":38},"end":{"line":9,"column":53}},"4":{"start":{"line":10,"column":48},"end":{"line":10,"column":62}},"5":{"start":{"line":12,"column":36},"end":{"line":12,"column":56}},"6":{"start":{"line":13,"column":24},"end":{"line":13,"column":36}},"7":{"start":{"line":14,"column":36},"end":{"line":14,"column":54}},"8":{"start":{"line":16,"column":33},"end":{"line":24,"column":5}},"9":{"start":{"line":17,"column":8},"end":{"line":17,"column":36}},"10":{"start":{"line":18,"column":8},"end":{"line":18,"column":27}},"11":{"start":{"line":19,"column":26},"end":{"line":22,"column":11}},"12":{"start":{"line":23,"column":8},"end":{"line":23,"column":68}},"13":{"start":{"line":23,"column":39},"end":{"line":23,"column":66}},"14":{"start":{"line":26,"column":32},"end":{"line":31,"column":5}},"15":{"start":{"line":27,"column":8},"end":{"line":27,"column":27}},"16":{"start":{"line":28,"column":8},"end":{"line":28,"column":28}},"17":{"start":{"line":29,"column":8},"end":{"line":29,"column":47}},"18":{"start":{"line":30,"column":8},"end":{"line":30,"column":59}},"19":{"start":{"line":32,"column":30},"end":{"line":38,"column":5}},"20":{"start":{"line":33,"column":27},"end":{"line":33,"column":42}},"21":{"start":{"line":34,"column":28},"end":{"line":34,"column":30}},"22":{"start":{"line":35,"column":28},"end":{"line":35,"column":30}},"23":{"start":{"line":36,"column":25},"end":{"line":36,"column":86}},"24":{"start":{"line":37,"column":8},"end":{"line":37,"column":54}},"25":{"start":{"line":41,"column":27},"end":{"line":44,"column":5}},"26":{"start":{"line":42,"column":8},"end":{"line":42,"column":50}},"27":{"start":{"line":43,"column":8},"end":{"line":43,"column":27}},"28":{"start":{"line":46,"column":4},"end":{"line":48,"column":15}},"29":{"start":{"line":47,"column":8},"end":{"line":47,"column":32}},"30":{"start":{"line":50,"column":4},"end":{"line":53,"column":15}},"31":{"start":{"line":51,"column":8},"end":{"line":51,"column":30}},"32":{"start":{"line":52,"column":8},"end":{"line":52,"column":26}},"33":{"start":{"line":55,"column":4},"end":{"line":76,"column":62}},"34":{"start":{"line":57,"column":8},"end":{"line":75,"column":11}},"35":{"start":{"line":58,"column":12},"end":{"line":71,"column":15}},"36":{"start":{"line":66,"column":16},"end":{"line":66,"column":80}},"37":{"start":{"line":67,"column":16},"end":{"line":67,"column":36}},"38":{"start":{"line":70,"column":16},"end":{"line":70,"column":68}},"39":{"start":{"line":74,"column":12},"end":{"line":74,"column":37}},"40":{"start":{"line":78,"column":25},"end":{"line":90,"column":5}},"41":{"start":{"line":80,"column":8},"end":{"line":89,"column":15}},"42":{"start":{"line":84,"column":16},"end":{"line":84,"column":32}},"43":{"start":{"line":85,"column":16},"end":{"line":85,"column":80}},"44":{"start":{"line":88,"column":16},"end":{"line":88,"column":68}},"45":{"start":{"line":92,"column":4},"end":{"line":112,"column":6}},"46":{"start":{"line":116,"column":0},"end":{"line":118,"column":2}}},"fnMap":{"0":{"name":"(anonymous_0)","decl":{"start":{"line":6,"column":13},"end":{"line":6,"column":14}},"loc":{"start":{"line":6,"column":44},"end":{"line":113,"column":1}},"line":6},"1":{"name":"(anonymous_1)","decl":{"start":{"line":16,"column":33},"end":{"line":16,"column":34}},"loc":{"start":{"line":16,"column":40},"end":{"line":24,"column":5}},"line":16},"2":{"name":"(anonymous_2)","decl":{"start":{"line":23,"column":24},"end":{"line":23,"column":25}},"loc":{"start":{"line":23,"column":39},"end":{"line":23,"column":66}},"line":23},"3":{"name":"(anonymous_3)","decl":{"start":{"line":26,"column":32},"end":{"line":26,"column":33}},"loc":{"start":{"line":26,"column":39},"end":{"line":31,"column":5}},"line":26},"4":{"name":"(anonymous_4)","decl":{"start":{"line":32,"column":30},"end":{"line":32,"column":31}},"loc":{"start":{"line":32,"column":36},"end":{"line":38,"column":5}},"line":32},"5":{"name":"(anonymous_5)","decl":{"start":{"line":41,"column":27},"end":{"line":41,"column":28}},"loc":{"start":{"line":41,"column":38},"end":{"line":44,"column":5}},"line":41},"6":{"name":"(anonymous_6)","decl":{"start":{"line":46,"column":14},"end":{"line":46,"column":15}},"loc":{"start":{"line":46,"column":20},"end":{"line":48,"column":5}},"line":46},"7":{"name":"(anonymous_7)","decl":{"start":{"line":50,"column":14},"end":{"line":50,"column":15}},"loc":{"start":{"line":50,"column":20},"end":{"line":53,"column":5}},"line":50},"8":{"name":"(anonymous_8)","decl":{"start":{"line":55,"column":14},"end":{"line":55,"column":15}},"loc":{"start":{"line":55,"column":20},"end":{"line":76,"column":7}},"line":55},"9":{"name":"(anonymous_9)","decl":{"start":{"line":65,"column":18},"end":{"line":65,"column":19}},"loc":{"start":{"line":65,"column":32},"end":{"line":68,"column":13}},"line":65},"10":{"name":"(anonymous_10)","decl":{"start":{"line":69,"column":19},"end":{"line":69,"column":20}},"loc":{"start":{"line":69,"column":30},"end":{"line":71,"column":13}},"line":69},"11":{"name":"(anonymous_11)","decl":{"start":{"line":78,"column":25},"end":{"line":78,"column":26}},"loc":{"start":{"line":78,"column":31},"end":{"line":90,"column":5}},"line":78},"12":{"name":"(anonymous_12)","decl":{"start":{"line":83,"column":18},"end":{"line":83,"column":19}},"loc":{"start":{"line":83,"column":30},"end":{"line":86,"column":13}},"line":83},"13":{"name":"(anonymous_13)","decl":{"start":{"line":87,"column":19},"end":{"line":87,"column":20}},"loc":{"start":{"line":87,"column":28},"end":{"line":89,"column":13}},"line":87}},"branchMap":{"0":{"loc":{"start":{"line":12,"column":45},"end":{"line":12,"column":55}},"type":"binary-expr","locations":[{"start":{"line":12,"column":45},"end":{"line":12,"column":49}},{"start":{"line":12,"column":53},"end":{"line":12,"column":55}}],"line":12},"1":{"loc":{"start":{"line":47,"column":20},"end":{"line":47,"column":30}},"type":"binary-expr","locations":[{"start":{"line":47,"column":20},"end":{"line":47,"column":24}},{"start":{"line":47,"column":28},"end":{"line":47,"column":30}}],"line":47},"2":{"loc":{"start":{"line":57,"column":8},"end":{"line":75,"column":11}},"type":"if","locations":[{"start":{"line":57,"column":8},"end":{"line":75,"column":11}},{"start":{"line":72,"column":15},"end":{"line":75,"column":11}}],"line":57},"3":{"loc":{"start":{"line":57,"column":12},"end":{"line":57,"column":40}},"type":"binary-expr","locations":[{"start":{"line":57,"column":12},"end":{"line":57,"column":27}},{"start":{"line":57,"column":31},"end":{"line":57,"column":40}}],"line":57}},"s":{"0":0,"1":0,"2":0,"3":0,"4":0,"5":0,"6":0,"7":0,"8":0,"9":0,"10":0,"11":0,"12":0,"13":0,"14":0,"15":0,"16":0,"17":0,"18":0,"19":0,"20":0,"21":0,"22":0,"23":0,"24":0,"25":0,"26":0,"27":0,"28":0,"29":0,"30":0,"31":0,"32":0,"33":0,"34":0,"35":0,"36":0,"37":0,"38":0,"39":0,"40":0,"41":0,"42":0,"43":0,"44":0,"45":0,"46":0},"f":{"0":0,"1":0,"2":0,"3":0,"4":0,"5":0,"6":0,"7":0,"8":0,"9":0,"10":0,"11":0,"12":0,"13":0},"b":{"0":[0,0],"1":[0,0],"2":[0,0],"3":[0,0]}}
,"C:\\Users\\JaiCl\\Documents\\FIT4002 - Teamoji\\FIT4002\\client\\src\\Components\\Sidebar\\Sidebar.js": {"path":"C:\\Users\\JaiCl\\Documents\\FIT4002 - Teamoji\\FIT4002\\client\\src\\Components\\Sidebar\\Sidebar.js","statementMap":{"0":{"start":{"line":7,"column":16},"end":{"line":30,"column":1}},"1":{"start":{"line":8,"column":25},"end":{"line":8,"column":70}},"2":{"start":{"line":8,"column":48},"end":{"line":8,"column":69}},"3":{"start":{"line":9,"column":4},"end":{"line":29,"column":6}}},"fnMap":{"0":{"name":"(anonymous_0)","decl":{"start":{"line":7,"column":16},"end":{"line":7,"column":17}},"loc":{"start":{"line":7,"column":27},"end":{"line":30,"column":1}},"line":7},"1":{"name":"(anonymous_1)","decl":{"start":{"line":8,"column":37},"end":{"line":8,"column":38}},"loc":{"start":{"line":8,"column":48},"end":{"line":8,"column":69}},"line":8}},"branchMap":{"0":{"loc":{"start":{"line":9,"column":11},"end":{"line":29,"column":5}},"type":"cond-expr","locations":[{"start":{"line":10,"column":8},"end":{"line":26,"column":15}},{"start":{"line":28,"column":8},"end":{"line":28,"column":19}}],"line":9}},"s":{"0":0,"1":0,"2":0,"3":0},"f":{"0":0,"1":0},"b":{"0":[0,0]}}
,"C:\\Users\\JaiCl\\Documents\\FIT4002 - Teamoji\\FIT4002\\client\\src\\Components\\TeamHeader\\team_header.js": {"path":"C:\\Users\\JaiCl\\Documents\\FIT4002 - Teamoji\\FIT4002\\client\\src\\Components\\TeamHeader\\team_header.js","statementMap":{"0":{"start":{"line":4,"column":19},"end":{"line":21,"column":1}},"1":{"start":{"line":5,"column":26},"end":{"line":5,"column":42}},"2":{"start":{"line":6,"column":17},"end":{"line":6,"column":25}},"3":{"start":{"line":8,"column":2},"end":{"line":10,"column":12}},"4":{"start":{"line":9,"column":4},"end":{"line":9,"column":37}},"5":{"start":{"line":12,"column":22},"end":{"line":14,"column":3}},"6":{"start":{"line":13,"column":4},"end":{"line":13,"column":33}},"7":{"start":{"line":16,"column":2},"end":{"line":20,"column":3}}},"fnMap":{"0":{"name":"(anonymous_0)","decl":{"start":{"line":4,"column":19},"end":{"line":4,"column":20}},"loc":{"start":{"line":4,"column":25},"end":{"line":21,"column":1}},"line":4},"1":{"name":"(anonymous_1)","decl":{"start":{"line":8,"column":12},"end":{"line":8,"column":13}},"loc":{"start":{"line":8,"column":18},"end":{"line":10,"column":3}},"line":8},"2":{"name":"(anonymous_2)","decl":{"start":{"line":12,"column":22},"end":{"line":12,"column":23}},"loc":{"start":{"line":12,"column":29},"end":{"line":14,"column":3}},"line":12}},"branchMap":{},"s":{"0":0,"1":0,"2":0,"3":0,"4":0,"5":0,"6":0,"7":0},"f":{"0":0,"1":0,"2":0},"b":{}}
,"C:\\Users\\JaiCl\\Documents\\FIT4002 - Teamoji\\FIT4002\\client\\src\\Components\\Timer\\Timer.js": {"path":"C:\\Users\\JaiCl\\Documents\\FIT4002 - Teamoji\\FIT4002\\client\\src\\Components\\Timer\\Timer.js","statementMap":{"0":{"start":{"line":5,"column":34},"end":{"line":5,"column":45}},"1":{"start":{"line":6,"column":34},"end":{"line":6,"column":46}},"2":{"start":{"line":7,"column":32},"end":{"line":7,"column":47}},"3":{"start":{"line":8,"column":22},"end":{"line":8,"column":34}},"4":{"start":{"line":10,"column":27},"end":{"line":17,"column":3}},"5":{"start":{"line":11,"column":4},"end":{"line":16,"column":5}},"6":{"start":{"line":12,"column":6},"end":{"line":12,"column":22}},"7":{"start":{"line":13,"column":6},"end":{"line":15,"column":14}},"8":{"start":{"line":14,"column":8},"end":{"line":14,"column":47}},"9":{"start":{"line":14,"column":34},"end":{"line":14,"column":46}},"10":{"start":{"line":19,"column":27},"end":{"line":22,"column":3}},"11":{"start":{"line":20,"column":4},"end":{"line":20,"column":38}},"12":{"start":{"line":21,"column":4},"end":{"line":21,"column":21}},"13":{"start":{"line":24,"column":26},"end":{"line":28,"column":3}},"14":{"start":{"line":25,"column":4},"end":{"line":25,"column":38}},"15":{"start":{"line":26,"column":4},"end":{"line":26,"column":25}},"16":{"start":{"line":27,"column":4},"end":{"line":27,"column":21}},"17":{"start":{"line":30,"column":27},"end":{"line":34,"column":3}},"18":{"start":{"line":31,"column":4},"end":{"line":31,"column":38}},"19":{"start":{"line":32,"column":4},"end":{"line":32,"column":25}},"20":{"start":{"line":33,"column":4},"end":{"line":33,"column":21}},"21":{"start":{"line":36,"column":31},"end":{"line":40,"column":3}},"22":{"start":{"line":37,"column":24},"end":{"line":37,"column":48}},"23":{"start":{"line":38,"column":4},"end":{"line":38,"column":28}},"24":{"start":{"line":39,"column":4},"end":{"line":39,"column":28}},"25":{"start":{"line":42,"column":2},"end":{"line":47,"column":25}},"26":{"start":{"line":43,"column":4},"end":{"line":46,"column":5}},"27":{"start":{"line":44,"column":6},"end":{"line":44,"column":40}},"28":{"start":{"line":45,"column":6},"end":{"line":45,"column":23}},"29":{"start":{"line":49,"column":32},"end":{"line":51,"column":3}},"30":{"start":{"line":50,"column":4},"end":{"line":50,"column":30}},"31":{"start":{"line":53,"column":26},"end":{"line":56,"column":3}},"32":{"start":{"line":54,"column":22},"end":{"line":54,"column":38}},"33":{"start":{"line":55,"column":4},"end":{"line":55,"column":64}},"34":{"start":{"line":58,"column":25},"end":{"line":64,"column":3}},"35":{"start":{"line":59,"column":20},"end":{"line":59,"column":45}},"36":{"start":{"line":60,"column":20},"end":{"line":60,"column":33}},"37":{"start":{"line":61,"column":4},"end":{"line":63,"column":31}},"38":{"start":{"line":66,"column":2},"end":{"line":108,"column":3}}},"fnMap":{"0":{"name":"Timer","decl":{"start":{"line":4,"column":9},"end":{"line":4,"column":14}},"loc":{"start":{"line":4,"column":18},"end":{"line":109,"column":1}},"line":4},"1":{"name":"(anonymous_1)","decl":{"start":{"line":10,"column":27},"end":{"line":10,"column":28}},"loc":{"start":{"line":10,"column":33},"end":{"line":17,"column":3}},"line":10},"2":{"name":"(anonymous_2)","decl":{"start":{"line":13,"column":40},"end":{"line":13,"column":41}},"loc":{"start":{"line":13,"column":46},"end":{"line":15,"column":7}},"line":13},"3":{"name":"(anonymous_3)","decl":{"start":{"line":14,"column":20},"end":{"line":14,"column":21}},"loc":{"start":{"line":14,"column":34},"end":{"line":14,"column":46}},"line":14},"4":{"name":"(anonymous_4)","decl":{"start":{"line":19,"column":27},"end":{"line":19,"column":28}},"loc":{"start":{"line":19,"column":33},"end":{"line":22,"column":3}},"line":19},"5":{"name":"(anonymous_5)","decl":{"start":{"line":24,"column":26},"end":{"line":24,"column":27}},"loc":{"start":{"line":24,"column":32},"end":{"line":28,"column":3}},"line":24},"6":{"name":"(anonymous_6)","decl":{"start":{"line":30,"column":27},"end":{"line":30,"column":28}},"loc":{"start":{"line":30,"column":33},"end":{"line":34,"column":3}},"line":30},"7":{"name":"(anonymous_7)","decl":{"start":{"line":36,"column":31},"end":{"line":36,"column":32}},"loc":{"start":{"line":36,"column":38},"end":{"line":40,"column":3}},"line":36},"8":{"name":"(anonymous_8)","decl":{"start":{"line":42,"column":12},"end":{"line":42,"column":13}},"loc":{"start":{"line":42,"column":18},"end":{"line":47,"column":3}},"line":42},"9":{"name":"(anonymous_9)","decl":{"start":{"line":49,"column":32},"end":{"line":49,"column":33}},"loc":{"start":{"line":49,"column":38},"end":{"line":51,"column":3}},"line":49},"10":{"name":"(anonymous_10)","decl":{"start":{"line":53,"column":26},"end":{"line":53,"column":27}},"loc":{"start":{"line":53,"column":32},"end":{"line":56,"column":3}},"line":53},"11":{"name":"(anonymous_11)","decl":{"start":{"line":58,"column":25},"end":{"line":58,"column":26}},"loc":{"start":{"line":58,"column":31},"end":{"line":64,"column":3}},"line":58}},"branchMap":{"0":{"loc":{"start":{"line":11,"column":4},"end":{"line":16,"column":5}},"type":"if","locations":[{"start":{"line":11,"column":4},"end":{"line":16,"column":5}},{"start":{},"end":{}}],"line":11},"1":{"loc":{"start":{"line":43,"column":4},"end":{"line":46,"column":5}},"type":"if","locations":[{"start":{"line":43,"column":4},"end":{"line":46,"column":5}},{"start":{},"end":{}}],"line":43},"2":{"loc":{"start":{"line":43,"column":8},"end":{"line":43,"column":33}},"type":"binary-expr","locations":[{"start":{"line":43,"column":8},"end":{"line":43,"column":22}},{"start":{"line":43,"column":26},"end":{"line":43,"column":33}}],"line":43},"3":{"loc":{"start":{"line":88,"column":11},"end":{"line":103,"column":15}},"type":"cond-expr","locations":[{"start":{"line":90,"column":14},"end":{"line":90,"column":63}},{"start":{"line":93,"column":14},"end":{"line":102,"column":17}}],"line":88},"4":{"loc":{"start":{"line":94,"column":17},"end":{"line":100,"column":21}},"type":"cond-expr","locations":[{"start":{"line":95,"column":20},"end":{"line":95,"column":24}},{"start":{"line":97,"column":20},"end":{"line":99,"column":29}}],"line":94}},"s":{"0":0,"1":0,"2":0,"3":0,"4":0,"5":0,"6":0,"7":0,"8":0,"9":0,"10":0,"11":0,"12":0,"13":0,"14":0,"15":0,"16":0,"17":0,"18":0,"19":0,"20":0,"21":0,"22":0,"23":0,"24":0,"25":0,"26":0,"27":0,"28":0,"29":0,"30":0,"31":0,"32":0,"33":0,"34":0,"35":0,"36":0,"37":0,"38":0},"f":{"0":0,"1":0,"2":0,"3":0,"4":0,"5":0,"6":0,"7":0,"8":0,"9":0,"10":0,"11":0},"b":{"0":[0,0],"1":[0,0],"2":[0,0],"3":[0,0],"4":[0,0]}}
,"C:\\Users\\JaiCl\\Documents\\FIT4002 - Teamoji\\FIT4002\\client\\src\\contexts\\LocalChangeContext.js": {"path":"C:\\Users\\JaiCl\\Documents\\FIT4002 - Teamoji\\FIT4002\\client\\src\\contexts\\LocalChangeContext.js","statementMap":{"0":{"start":{"line":4,"column":27},"end":{"line":4,"column":44}}},"fnMap":{},"branchMap":{},"s":{"0":0},"f":{},"b":{}}
,"C:\\Users\\JaiCl\\Documents\\FIT4002 - Teamoji\\FIT4002\\client\\src\\contexts\\QuestionContext.js": {"path":"C:\\Users\\JaiCl\\Documents\\FIT4002 - Teamoji\\FIT4002\\client\\src\\contexts\\QuestionContext.js","statementMap":{"0":{"start":{"line":4,"column":24},"end":{"line":4,"column":41}}},"fnMap":{},"branchMap":{},"s":{"0":0},"f":{},"b":{}}
,"C:\\Users\\JaiCl\\Documents\\FIT4002 - Teamoji\\FIT4002\\client\\src\\features\\icon_button_slice.js": {"path":"C:\\Users\\JaiCl\\Documents\\FIT4002 - Teamoji\\FIT4002\\client\\src\\features\\icon_button_slice.js","statementMap":{"0":{"start":{"line":5,"column":16},"end":{"line":8,"column":1}},"1":{"start":{"line":10,"column":21},"end":{"line":10,"column":23}},"2":{"start":{"line":11,"column":0},"end":{"line":13,"column":2}},"3":{"start":{"line":12,"column":2},"end":{"line":12,"column":39}},"4":{"start":{"line":15,"column":20},"end":{"line":20,"column":2}}},"fnMap":{"0":{"name":"(anonymous_0)","decl":{"start":{"line":11,"column":16},"end":{"line":11,"column":17}},"loc":{"start":{"line":11,"column":26},"end":{"line":13,"column":1}},"line":11}},"branchMap":{},"s":{"0":0,"1":0,"2":0,"3":0,"4":0},"f":{"0":0},"b":{}}
,"C:\\Users\\JaiCl\\Documents\\FIT4002 - Teamoji\\FIT4002\\client\\src\\features\\sidebarSlice.js": {"path":"C:\\Users\\JaiCl\\Documents\\FIT4002 - Teamoji\\FIT4002\\client\\src\\features\\sidebarSlice.js","statementMap":{"0":{"start":{"line":3,"column":21},"end":{"line":16,"column":2}},"1":{"start":{"line":10,"column":6},"end":{"line":10,"column":26}},"2":{"start":{"line":13,"column":6},"end":{"line":13,"column":27}},"3":{"start":{"line":18,"column":44},"end":{"line":18,"column":64}}},"fnMap":{"0":{"name":"(anonymous_0)","decl":{"start":{"line":9,"column":17},"end":{"line":9,"column":18}},"loc":{"start":{"line":9,"column":28},"end":{"line":11,"column":5}},"line":9},"1":{"name":"(anonymous_1)","decl":{"start":{"line":12,"column":17},"end":{"line":12,"column":18}},"loc":{"start":{"line":12,"column":28},"end":{"line":14,"column":5}},"line":12}},"branchMap":{},"s":{"0":0,"1":0,"2":0,"3":0},"f":{"0":0,"1":0},"b":{}}
,"C:\\Users\\JaiCl\\Documents\\FIT4002 - Teamoji\\FIT4002\\client\\src\\features\\textButtonSlice.js": {"path":"C:\\Users\\JaiCl\\Documents\\FIT4002 - Teamoji\\FIT4002\\client\\src\\features\\textButtonSlice.js","statementMap":{"0":{"start":{"line":3,"column":16},"end":{"line":14,"column":1}},"1":{"start":{"line":16,"column":21},"end":{"line":16,"column":23}},"2":{"start":{"line":17,"column":0},"end":{"line":19,"column":3}},"3":{"start":{"line":18,"column":2},"end":{"line":18,"column":41}},"4":{"start":{"line":21,"column":20},"end":{"line":25,"column":2}}},"fnMap":{"0":{"name":"(anonymous_0)","decl":{"start":{"line":17,"column":16},"end":{"line":17,"column":17}},"loc":{"start":{"line":17,"column":28},"end":{"line":19,"column":1}},"line":17}},"branchMap":{},"s":{"0":0,"1":0,"2":0,"3":0,"4":0},"f":{"0":0},"b":{}}
,"C:\\Users\\JaiCl\\Documents\\FIT4002 - Teamoji\\FIT4002\\client\\src\\pages\\LandingPage.js": {"path":"C:\\Users\\JaiCl\\Documents\\FIT4002 - Teamoji\\FIT4002\\client\\src\\pages\\LandingPage.js","statementMap":{"0":{"start":{"line":11,"column":20},"end":{"line":72,"column":1}},"1":{"start":{"line":12,"column":21},"end":{"line":12,"column":34}},"2":{"start":{"line":13,"column":21},"end":{"line":13,"column":34}},"3":{"start":{"line":15,"column":4},"end":{"line":17,"column":7}},"4":{"start":{"line":16,"column":8},"end":{"line":16,"column":32}},"5":{"start":{"line":19,"column":18},"end":{"line":21,"column":5}},"6":{"start":{"line":20,"column":8},"end":{"line":20,"column":27}},"7":{"start":{"line":23,"column":19},"end":{"line":25,"column":5}},"8":{"start":{"line":24,"column":8},"end":{"line":24,"column":28}},"9":{"start":{"line":27,"column":4},"end":{"line":71,"column":6}}},"fnMap":{"0":{"name":"(anonymous_0)","decl":{"start":{"line":11,"column":20},"end":{"line":11,"column":21}},"loc":{"start":{"line":11,"column":26},"end":{"line":72,"column":1}},"line":11},"1":{"name":"(anonymous_1)","decl":{"start":{"line":15,"column":14},"end":{"line":15,"column":15}},"loc":{"start":{"line":15,"column":20},"end":{"line":17,"column":5}},"line":15},"2":{"name":"(anonymous_2)","decl":{"start":{"line":19,"column":18},"end":{"line":19,"column":19}},"loc":{"start":{"line":19,"column":24},"end":{"line":21,"column":5}},"line":19},"3":{"name":"(anonymous_3)","decl":{"start":{"line":23,"column":19},"end":{"line":23,"column":20}},"loc":{"start":{"line":23,"column":25},"end":{"line":25,"column":5}},"line":23}},"branchMap":{},"s":{"0":0,"1":0,"2":0,"3":0,"4":0,"5":0,"6":0,"7":0,"8":0,"9":0},"f":{"0":0,"1":0,"2":0,"3":0},"b":{}}
,"C:\\Users\\JaiCl\\Documents\\FIT4002 - Teamoji\\FIT4002\\client\\src\\pages\\LogInPage.js": {"path":"C:\\Users\\JaiCl\\Documents\\FIT4002 - Teamoji\\FIT4002\\client\\src\\pages\\LogInPage.js","statementMap":{"0":{"start":{"line":10,"column":18},"end":{"line":71,"column":1}},"1":{"start":{"line":11,"column":21},"end":{"line":11,"column":34}},"2":{"start":{"line":12,"column":21},"end":{"line":12,"column":34}},"3":{"start":{"line":14,"column":4},"end":{"line":16,"column":7}},"4":{"start":{"line":15,"column":8},"end":{"line":15,"column":32}},"5":{"start":{"line":18,"column":18},"end":{"line":20,"column":5}},"6":{"start":{"line":19,"column":8},"end":{"line":19,"column":26}},"7":{"start":{"line":22,"column":19},"end":{"line":24,"column":5}},"8":{"start":{"line":23,"column":8},"end":{"line":23,"column":28}},"9":{"start":{"line":26,"column":4},"end":{"line":70,"column":6}}},"fnMap":{"0":{"name":"(anonymous_0)","decl":{"start":{"line":10,"column":18},"end":{"line":10,"column":19}},"loc":{"start":{"line":10,"column":24},"end":{"line":71,"column":1}},"line":10},"1":{"name":"(anonymous_1)","decl":{"start":{"line":14,"column":14},"end":{"line":14,"column":15}},"loc":{"start":{"line":14,"column":20},"end":{"line":16,"column":5}},"line":14},"2":{"name":"(anonymous_2)","decl":{"start":{"line":18,"column":18},"end":{"line":18,"column":19}},"loc":{"start":{"line":18,"column":24},"end":{"line":20,"column":5}},"line":18},"3":{"name":"(anonymous_3)","decl":{"start":{"line":22,"column":19},"end":{"line":22,"column":20}},"loc":{"start":{"line":22,"column":25},"end":{"line":24,"column":5}},"line":22}},"branchMap":{},"s":{"0":0,"1":0,"2":0,"3":0,"4":0,"5":0,"6":0,"7":0,"8":0,"9":0},"f":{"0":0,"1":0,"2":0,"3":0},"b":{}}
,"C:\\Users\\JaiCl\\Documents\\FIT4002 - Teamoji\\FIT4002\\client\\src\\pages\\SignupPage.js": {"path":"C:\\Users\\JaiCl\\Documents\\FIT4002 - Teamoji\\FIT4002\\client\\src\\pages\\SignupPage.js","statementMap":{"0":{"start":{"line":10,"column":19},"end":{"line":76,"column":1}},"1":{"start":{"line":11,"column":21},"end":{"line":11,"column":34}},"2":{"start":{"line":12,"column":21},"end":{"line":12,"column":34}},"3":{"start":{"line":14,"column":4},"end":{"line":16,"column":7}},"4":{"start":{"line":15,"column":8},"end":{"line":15,"column":32}},"5":{"start":{"line":18,"column":19},"end":{"line":20,"column":5}},"6":{"start":{"line":19,"column":8},"end":{"line":19,"column":26}},"7":{"start":{"line":22,"column":18},"end":{"line":24,"column":5}},"8":{"start":{"line":23,"column":8},"end":{"line":23,"column":27}},"9":{"start":{"line":26,"column":4},"end":{"line":75,"column":6}}},"fnMap":{"0":{"name":"(anonymous_0)","decl":{"start":{"line":10,"column":19},"end":{"line":10,"column":20}},"loc":{"start":{"line":10,"column":25},"end":{"line":76,"column":1}},"line":10},"1":{"name":"(anonymous_1)","decl":{"start":{"line":14,"column":14},"end":{"line":14,"column":15}},"loc":{"start":{"line":14,"column":20},"end":{"line":16,"column":5}},"line":14},"2":{"name":"(anonymous_2)","decl":{"start":{"line":18,"column":19},"end":{"line":18,"column":20}},"loc":{"start":{"line":18,"column":25},"end":{"line":20,"column":5}},"line":18},"3":{"name":"(anonymous_3)","decl":{"start":{"line":22,"column":18},"end":{"line":22,"column":19}},"loc":{"start":{"line":22,"column":24},"end":{"line":24,"column":5}},"line":22}},"branchMap":{},"s":{"0":0,"1":0,"2":0,"3":0,"4":0,"5":0,"6":0,"7":0,"8":0,"9":0},"f":{"0":0,"1":0,"2":0,"3":0},"b":{}}
,"C:\\Users\\JaiCl\\Documents\\FIT4002 - Teamoji\\FIT4002\\client\\src\\pages\\createTeamMatrix.js": {"path":"C:\\Users\\JaiCl\\Documents\\FIT4002 - Teamoji\\FIT4002\\client\\src\\pages\\createTeamMatrix.js","statementMap":{"0":{"start":{"line":7,"column":25},"end":{"line":50,"column":1}},"1":{"start":{"line":8,"column":19},"end":{"line":8,"column":32}},"2":{"start":{"line":10,"column":27},"end":{"line":12,"column":3}},"3":{"start":{"line":11,"column":4},"end":{"line":11,"column":29}},"4":{"start":{"line":14,"column":2},"end":{"line":49,"column":4}}},"fnMap":{"0":{"name":"(anonymous_0)","decl":{"start":{"line":7,"column":25},"end":{"line":7,"column":26}},"loc":{"start":{"line":7,"column":31},"end":{"line":50,"column":1}},"line":7},"1":{"name":"(anonymous_1)","decl":{"start":{"line":10,"column":27},"end":{"line":10,"column":28}},"loc":{"start":{"line":10,"column":33},"end":{"line":12,"column":3}},"line":10}},"branchMap":{},"s":{"0":0,"1":0,"2":0,"3":0,"4":0},"f":{"0":0,"1":0},"b":{}}
,"C:\\Users\\JaiCl\\Documents\\FIT4002 - Teamoji\\FIT4002\\client\\src\\pages\\history_page.js": {"path":"C:\\Users\\JaiCl\\Documents\\FIT4002 - Teamoji\\FIT4002\\client\\src\\pages\\history_page.js","statementMap":{"0":{"start":{"line":8,"column":20},"end":{"line":62,"column":1}},"1":{"start":{"line":10,"column":24},"end":{"line":40,"column":5}},"2":{"start":{"line":42,"column":4},"end":{"line":61,"column":6}},"3":{"start":{"line":47,"column":20},"end":{"line":57,"column":22}}},"fnMap":{"0":{"name":"(anonymous_0)","decl":{"start":{"line":8,"column":20},"end":{"line":8,"column":21}},"loc":{"start":{"line":8,"column":26},"end":{"line":62,"column":1}},"line":8},"1":{"name":"(anonymous_1)","decl":{"start":{"line":46,"column":33},"end":{"line":46,"column":34}},"loc":{"start":{"line":46,"column":45},"end":{"line":58,"column":17}},"line":46}},"branchMap":{},"s":{"0":0,"1":0,"2":0,"3":0},"f":{"0":0,"1":0},"b":{}}
,"C:\\Users\\JaiCl\\Documents\\FIT4002 - Teamoji\\FIT4002\\client\\src\\pages\\home.js": {"path":"C:\\Users\\JaiCl\\Documents\\FIT4002 - Teamoji\\FIT4002\\client\\src\\pages\\home.js","statementMap":{"0":{"start":{"line":12,"column":17},"end":{"line":107,"column":1}},"1":{"start":{"line":13,"column":19},"end":{"line":13,"column":32}},"2":{"start":{"line":14,"column":19},"end":{"line":14,"column":32}},"3":{"start":{"line":15,"column":36},"end":{"line":15,"column":51}},"4":{"start":{"line":16,"column":30},"end":{"line":16,"column":44}},"5":{"start":{"line":18,"column":38},"end":{"line":20,"column":3}},"6":{"start":{"line":19,"column":4},"end":{"line":19,"column":34}},"7":{"start":{"line":22,"column":28},"end":{"line":24,"column":3}},"8":{"start":{"line":23,"column":4},"end":{"line":23,"column":29}},"9":{"start":{"line":26,"column":2},"end":{"line":28,"column":9}},"10":{"start":{"line":27,"column":4},"end":{"line":27,"column":28}},"11":{"start":{"line":30,"column":2},"end":{"line":106,"column":4}},"12":{"start":{"line":79,"column":18},"end":{"line":79,"column":43}},"13":{"start":{"line":80,"column":18},"end":{"line":80,"column":34}},"14":{"start":{"line":90,"column":18},"end":{"line":90,"column":43}},"15":{"start":{"line":91,"column":18},"end":{"line":91,"column":35}},"16":{"start":{"line":101,"column":10},"end":{"line":101,"column":30}}},"fnMap":{"0":{"name":"(anonymous_0)","decl":{"start":{"line":12,"column":17},"end":{"line":12,"column":18}},"loc":{"start":{"line":12,"column":23},"end":{"line":107,"column":1}},"line":12},"1":{"name":"(anonymous_1)","decl":{"start":{"line":18,"column":38},"end":{"line":18,"column":39}},"loc":{"start":{"line":18,"column":44},"end":{"line":20,"column":3}},"line":18},"2":{"name":"(anonymous_2)","decl":{"start":{"line":22,"column":28},"end":{"line":22,"column":29}},"loc":{"start":{"line":22,"column":34},"end":{"line":24,"column":3}},"line":22},"3":{"name":"(anonymous_3)","decl":{"start":{"line":26,"column":12},"end":{"line":26,"column":13}},"loc":{"start":{"line":26,"column":18},"end":{"line":28,"column":3}},"line":26},"4":{"name":"(anonymous_4)","decl":{"start":{"line":78,"column":29},"end":{"line":78,"column":30}},"loc":{"start":{"line":78,"column":35},"end":{"line":81,"column":17}},"line":78},"5":{"name":"(anonymous_5)","decl":{"start":{"line":89,"column":29},"end":{"line":89,"column":30}},"loc":{"start":{"line":89,"column":35},"end":{"line":92,"column":17}},"line":89},"6":{"name":"(anonymous_6)","decl":{"start":{"line":100,"column":21},"end":{"line":100,"column":22}},"loc":{"start":{"line":100,"column":27},"end":{"line":102,"column":9}},"line":100}},"branchMap":{},"s":{"0":0,"1":0,"2":0,"3":0,"4":0,"5":0,"6":0,"7":0,"8":0,"9":0,"10":0,"11":0,"12":0,"13":0,"14":0,"15":0,"16":0},"f":{"0":0,"1":0,"2":0,"3":0,"4":0,"5":0,"6":0},"b":{}}
,"C:\\Users\\JaiCl\\Documents\\FIT4002 - Teamoji\\FIT4002\\client\\src\\pages\\infiniteCanvas.js": {"path":"C:\\Users\\JaiCl\\Documents\\FIT4002 - Teamoji\\FIT4002\\client\\src\\pages\\infiniteCanvas.js","statementMap":{"0":{"start":{"line":16,"column":23},"end":{"line":101,"column":1}},"1":{"start":{"line":17,"column":17},"end":{"line":17,"column":46}},"2":{"start":{"line":18,"column":20},"end":{"line":18,"column":23}},"3":{"start":{"line":19,"column":44},"end":{"line":19,"column":74}},"4":{"start":{"line":22,"column":28},"end":{"line":22,"column":40}},"5":{"start":{"line":23,"column":36},"end":{"line":23,"column":48}},"6":{"start":{"line":26,"column":2},"end":{"line":36,"column":28}},"7":{"start":{"line":27,"column":4},"end":{"line":35,"column":9}},"8":{"start":{"line":29,"column":8},"end":{"line":29,"column":32}},"9":{"start":{"line":30,"column":8},"end":{"line":30,"column":35}},"10":{"start":{"line":33,"column":8},"end":{"line":33,"column":45}},"11":{"start":{"line":34,"column":8},"end":{"line":34,"column":61}},"12":{"start":{"line":39,"column":2},"end":{"line":48,"column":32}},"13":{"start":{"line":40,"column":4},"end":{"line":47,"column":9}},"14":{"start":{"line":42,"column":8},"end":{"line":42,"column":36}},"15":{"start":{"line":43,"column":8},"end":{"line":43,"column":35}},"16":{"start":{"line":46,"column":8},"end":{"line":46,"column":58}},"17":{"start":{"line":51,"column":2},"end":{"line":88,"column":32}},"18":{"start":{"line":52,"column":23},"end":{"line":52,"column":75}},"19":{"start":{"line":54,"column":26},"end":{"line":83,"column":8}},"20":{"start":{"line":55,"column":31},"end":{"line":55,"column":33}},"21":{"start":{"line":56,"column":10},"end":{"line":79,"column":11}},"22":{"start":{"line":57,"column":27},"end":{"line":57,"column":44}},"23":{"start":{"line":58,"column":29},"end":{"line":58,"column":48}},"24":{"start":{"line":59,"column":12},"end":{"line":78,"column":13}},"25":{"start":{"line":59,"column":44},"end":{"line":59,"column":64}},"26":{"start":{"line":62,"column":36},"end":{"line":62,"column":74}},"27":{"start":{"line":62,"column":55},"end":{"line":62,"column":73}},"28":{"start":{"line":63,"column":16},"end":{"line":73,"column":17}},"29":{"start":{"line":64,"column":18},"end":{"line":64,"column":49}},"30":{"start":{"line":65,"column":38},"end":{"line":65,"column":48}},"31":{"start":{"line":67,"column":18},"end":{"line":72,"column":20}},"32":{"start":{"line":68,"column":20},"end":{"line":71,"column":22}},"33":{"start":{"line":69,"column":45},"end":{"line":69,"column":75}},"34":{"start":{"line":70,"column":22},"end":{"line":70,"column":78}},"35":{"start":{"line":75,"column":16},"end":{"line":75,"column":63}},"36":{"start":{"line":81,"column":10},"end":{"line":81,"column":54}},"37":{"start":{"line":82,"column":10},"end":{"line":82,"column":33}},"38":{"start":{"line":85,"column":6},"end":{"line":87,"column":8}},"39":{"start":{"line":86,"column":10},"end":{"line":86,"column":24}},"40":{"start":{"line":90,"column":2},"end":{"line":100,"column":4}}},"fnMap":{"0":{"name":"(anonymous_0)","decl":{"start":{"line":16,"column":23},"end":{"line":16,"column":24}},"loc":{"start":{"line":16,"column":29},"end":{"line":101,"column":1}},"line":16},"1":{"name":"(anonymous_1)","decl":{"start":{"line":26,"column":12},"end":{"line":26,"column":13}},"loc":{"start":{"line":26,"column":18},"end":{"line":36,"column":3}},"line":26},"2":{"name":"(anonymous_2)","decl":{"start":{"line":28,"column":12},"end":{"line":28,"column":13}},"loc":{"start":{"line":28,"column":26},"end":{"line":31,"column":7}},"line":28},"3":{"name":"(anonymous_3)","decl":{"start":{"line":32,"column":13},"end":{"line":32,"column":14}},"loc":{"start":{"line":32,"column":24},"end":{"line":35,"column":7}},"line":32},"4":{"name":"(anonymous_4)","decl":{"start":{"line":39,"column":12},"end":{"line":39,"column":13}},"loc":{"start":{"line":39,"column":18},"end":{"line":48,"column":3}},"line":39},"5":{"name":"(anonymous_5)","decl":{"start":{"line":41,"column":12},"end":{"line":41,"column":13}},"loc":{"start":{"line":41,"column":26},"end":{"line":44,"column":7}},"line":41},"6":{"name":"(anonymous_6)","decl":{"start":{"line":45,"column":13},"end":{"line":45,"column":14}},"loc":{"start":{"line":45,"column":24},"end":{"line":47,"column":7}},"line":45},"7":{"name":"(anonymous_7)","decl":{"start":{"line":51,"column":12},"end":{"line":51,"column":13}},"loc":{"start":{"line":51,"column":18},"end":{"line":88,"column":3}},"line":51},"8":{"name":"(anonymous_8)","decl":{"start":{"line":54,"column":44},"end":{"line":54,"column":45}},"loc":{"start":{"line":54,"column":58},"end":{"line":83,"column":7}},"line":54},"9":{"name":"(anonymous_9)","decl":{"start":{"line":56,"column":27},"end":{"line":56,"column":28}},"loc":{"start":{"line":56,"column":46},"end":{"line":79,"column":9}},"line":56},"10":{"name":"(anonymous_10)","decl":{"start":{"line":59,"column":34},"end":{"line":59,"column":35}},"loc":{"start":{"line":59,"column":44},"end":{"line":59,"column":64}},"line":59},"11":{"name":"(anonymous_11)","decl":{"start":{"line":62,"column":47},"end":{"line":62,"column":48}},"loc":{"start":{"line":62,"column":55},"end":{"line":62,"column":73}},"line":62},"12":{"name":"(anonymous_12)","decl":{"start":{"line":67,"column":34},"end":{"line":67,"column":35}},"loc":{"start":{"line":68,"column":20},"end":{"line":71,"column":22}},"line":68},"13":{"name":"(anonymous_13)","decl":{"start":{"line":68,"column":39},"end":{"line":68,"column":40}},"loc":{"start":{"line":68,"column":48},"end":{"line":71,"column":21}},"line":68},"14":{"name":"(anonymous_14)","decl":{"start":{"line":85,"column":13},"end":{"line":85,"column":14}},"loc":{"start":{"line":85,"column":19},"end":{"line":87,"column":7}},"line":85}},"branchMap":{"0":{"loc":{"start":{"line":59,"column":12},"end":{"line":78,"column":13}},"type":"if","locations":[{"start":{"line":59,"column":12},"end":{"line":78,"column":13}},{"start":{"line":74,"column":19},"end":{"line":78,"column":13}}],"line":59},"1":{"loc":{"start":{"line":63,"column":16},"end":{"line":73,"column":17}},"type":"if","locations":[{"start":{"line":63,"column":16},"end":{"line":73,"column":17}},{"start":{},"end":{}}],"line":63},"2":{"loc":{"start":{"line":70,"column":31},"end":{"line":70,"column":76}},"type":"binary-expr","locations":[{"start":{"line":70,"column":31},"end":{"line":70,"column":51}},{"start":{"line":70,"column":55},"end":{"line":70,"column":76}}],"line":70}},"s":{"0":0,"1":0,"2":0,"3":0,"4":0,"5":0,"6":0,"7":0,"8":0,"9":0,"10":0,"11":0,"12":0,"13":0,"14":0,"15":0,"16":0,"17":0,"18":0,"19":0,"20":0,"21":0,"22":0,"23":0,"24":0,"25":0,"26":0,"27":0,"28":0,"29":0,"30":0,"31":0,"32":0,"33":0,"34":0,"35":0,"36":0,"37":0,"38":0,"39":0,"40":0},"f":{"0":0,"1":0,"2":0,"3":0,"4":0,"5":0,"6":0,"7":0,"8":0,"9":0,"10":0,"11":0,"12":0,"13":0,"14":0},"b":{"0":[0,0],"1":[0,0],"2":[0,0]}}
,"C:\\Users\\JaiCl\\Documents\\FIT4002 - Teamoji\\FIT4002\\client\\src\\pages\\settings_page.js": {"path":"C:\\Users\\JaiCl\\Documents\\FIT4002 - Teamoji\\FIT4002\\client\\src\\pages\\settings_page.js","statementMap":{"0":{"start":{"line":6,"column":17},"end":{"line":69,"column":1}},"1":{"start":{"line":7,"column":19},"end":{"line":9,"column":5}},"2":{"start":{"line":11,"column":22},"end":{"line":13,"column":5}},"3":{"start":{"line":15,"column":3},"end":{"line":68,"column":5}}},"fnMap":{"0":{"name":"(anonymous_0)","decl":{"start":{"line":6,"column":17},"end":{"line":6,"column":18}},"loc":{"start":{"line":6,"column":23},"end":{"line":69,"column":1}},"line":6},"1":{"name":"(anonymous_1)","decl":{"start":{"line":7,"column":19},"end":{"line":7,"column":20}},"loc":{"start":{"line":7,"column":25},"end":{"line":9,"column":5}},"line":7},"2":{"name":"(anonymous_2)","decl":{"start":{"line":11,"column":22},"end":{"line":11,"column":23}},"loc":{"start":{"line":11,"column":28},"end":{"line":13,"column":5}},"line":11}},"branchMap":{},"s":{"0":0,"1":0,"2":0,"3":0},"f":{"0":0,"1":0,"2":0},"b":{}}
,"C:\\Users\\JaiCl\\Documents\\FIT4002 - Teamoji\\FIT4002\\client\\src\\pages\\solo_session.js": {"path":"C:\\Users\\JaiCl\\Documents\\FIT4002 - Teamoji\\FIT4002\\client\\src\\pages\\solo_session.js","statementMap":{"0":{"start":{"line":10,"column":20},"end":{"line":23,"column":1}},"1":{"start":{"line":12,"column":28},"end":{"line":12,"column":40}},"2":{"start":{"line":14,"column":2},"end":{"line":22,"column":4}}},"fnMap":{"0":{"name":"(anonymous_0)","decl":{"start":{"line":10,"column":20},"end":{"line":10,"column":21}},"loc":{"start":{"line":10,"column":26},"end":{"line":23,"column":1}},"line":10}},"branchMap":{},"s":{"0":0,"1":0,"2":0},"f":{"0":0},"b":{}}
,"C:\\Users\\JaiCl\\Documents\\FIT4002 - Teamoji\\FIT4002\\client\\src\\pages\\team_session.js": {"path":"C:\\Users\\JaiCl\\Documents\\FIT4002 - Teamoji\\FIT4002\\client\\src\\pages\\team_session.js","statementMap":{"0":{"start":{"line":16,"column":20},"end":{"line":101,"column":1}},"1":{"start":{"line":17,"column":17},"end":{"line":17,"column":46}},"2":{"start":{"line":18,"column":20},"end":{"line":18,"column":23}},"3":{"start":{"line":19,"column":44},"end":{"line":19,"column":74}},"4":{"start":{"line":22,"column":28},"end":{"line":22,"column":40}},"5":{"start":{"line":23,"column":36},"end":{"line":23,"column":48}},"6":{"start":{"line":26,"column":2},"end":{"line":37,"column":28}},"7":{"start":{"line":27,"column":4},"end":{"line":36,"column":9}},"8":{"start":{"line":29,"column":8},"end":{"line":29,"column":32}},"9":{"start":{"line":30,"column":8},"end":{"line":30,"column":45}},"10":{"start":{"line":31,"column":8},"end":{"line":31,"column":35}},"11":{"start":{"line":34,"column":8},"end":{"line":34,"column":45}},"12":{"start":{"line":35,"column":8},"end":{"line":35,"column":61}},"13":{"start":{"line":40,"column":2},"end":{"line":49,"column":32}},"14":{"start":{"line":41,"column":4},"end":{"line":48,"column":9}},"15":{"start":{"line":43,"column":8},"end":{"line":43,"column":36}},"16":{"start":{"line":44,"column":8},"end":{"line":44,"column":35}},"17":{"start":{"line":47,"column":8},"end":{"line":47,"column":58}},"18":{"start":{"line":52,"column":2},"end":{"line":89,"column":32}},"19":{"start":{"line":53,"column":23},"end":{"line":53,"column":75}},"20":{"start":{"line":55,"column":26},"end":{"line":84,"column":8}},"21":{"start":{"line":56,"column":31},"end":{"line":56,"column":33}},"22":{"start":{"line":57,"column":10},"end":{"line":80,"column":11}},"23":{"start":{"line":58,"column":27},"end":{"line":58,"column":44}},"24":{"start":{"line":59,"column":29},"end":{"line":59,"column":48}},"25":{"start":{"line":60,"column":12},"end":{"line":79,"column":13}},"26":{"start":{"line":60,"column":44},"end":{"line":60,"column":64}},"27":{"start":{"line":63,"column":36},"end":{"line":63,"column":74}},"28":{"start":{"line":63,"column":55},"end":{"line":63,"column":73}},"29":{"start":{"line":64,"column":16},"end":{"line":74,"column":17}},"30":{"start":{"line":65,"column":18},"end":{"line":65,"column":49}},"31":{"start":{"line":66,"column":38},"end":{"line":66,"column":48}},"32":{"start":{"line":68,"column":18},"end":{"line":73,"column":20}},"33":{"start":{"line":69,"column":20},"end":{"line":72,"column":22}},"34":{"start":{"line":70,"column":45},"end":{"line":70,"column":75}},"35":{"start":{"line":71,"column":22},"end":{"line":71,"column":78}},"36":{"start":{"line":76,"column":16},"end":{"line":76,"column":63}},"37":{"start":{"line":82,"column":10},"end":{"line":82,"column":54}},"38":{"start":{"line":83,"column":10},"end":{"line":83,"column":33}},"39":{"start":{"line":86,"column":6},"end":{"line":88,"column":8}},"40":{"start":{"line":87,"column":10},"end":{"line":87,"column":24}},"41":{"start":{"line":91,"column":2},"end":{"line":100,"column":4}}},"fnMap":{"0":{"name":"(anonymous_0)","decl":{"start":{"line":16,"column":20},"end":{"line":16,"column":21}},"loc":{"start":{"line":16,"column":26},"end":{"line":101,"column":1}},"line":16},"1":{"name":"(anonymous_1)","decl":{"start":{"line":26,"column":12},"end":{"line":26,"column":13}},"loc":{"start":{"line":26,"column":18},"end":{"line":37,"column":3}},"line":26},"2":{"name":"(anonymous_2)","decl":{"start":{"line":28,"column":12},"end":{"line":28,"column":13}},"loc":{"start":{"line":28,"column":26},"end":{"line":32,"column":7}},"line":28},"3":{"name":"(anonymous_3)","decl":{"start":{"line":33,"column":13},"end":{"line":33,"column":14}},"loc":{"start":{"line":33,"column":24},"end":{"line":36,"column":7}},"line":33},"4":{"name":"(anonymous_4)","decl":{"start":{"line":40,"column":12},"end":{"line":40,"column":13}},"loc":{"start":{"line":40,"column":18},"end":{"line":49,"column":3}},"line":40},"5":{"name":"(anonymous_5)","decl":{"start":{"line":42,"column":12},"end":{"line":42,"column":13}},"loc":{"start":{"line":42,"column":26},"end":{"line":45,"column":7}},"line":42},"6":{"name":"(anonymous_6)","decl":{"start":{"line":46,"column":13},"end":{"line":46,"column":14}},"loc":{"start":{"line":46,"column":24},"end":{"line":48,"column":7}},"line":46},"7":{"name":"(anonymous_7)","decl":{"start":{"line":52,"column":12},"end":{"line":52,"column":13}},"loc":{"start":{"line":52,"column":18},"end":{"line":89,"column":3}},"line":52},"8":{"name":"(anonymous_8)","decl":{"start":{"line":55,"column":44},"end":{"line":55,"column":45}},"loc":{"start":{"line":55,"column":58},"end":{"line":84,"column":7}},"line":55},"9":{"name":"(anonymous_9)","decl":{"start":{"line":57,"column":27},"end":{"line":57,"column":28}},"loc":{"start":{"line":57,"column":46},"end":{"line":80,"column":9}},"line":57},"10":{"name":"(anonymous_10)","decl":{"start":{"line":60,"column":34},"end":{"line":60,"column":35}},"loc":{"start":{"line":60,"column":44},"end":{"line":60,"column":64}},"line":60},"11":{"name":"(anonymous_11)","decl":{"start":{"line":63,"column":47},"end":{"line":63,"column":48}},"loc":{"start":{"line":63,"column":55},"end":{"line":63,"column":73}},"line":63},"12":{"name":"(anonymous_12)","decl":{"start":{"line":68,"column":34},"end":{"line":68,"column":35}},"loc":{"start":{"line":69,"column":20},"end":{"line":72,"column":22}},"line":69},"13":{"name":"(anonymous_13)","decl":{"start":{"line":69,"column":39},"end":{"line":69,"column":40}},"loc":{"start":{"line":69,"column":48},"end":{"line":72,"column":21}},"line":69},"14":{"name":"(anonymous_14)","decl":{"start":{"line":86,"column":13},"end":{"line":86,"column":14}},"loc":{"start":{"line":86,"column":19},"end":{"line":88,"column":7}},"line":86}},"branchMap":{"0":{"loc":{"start":{"line":60,"column":12},"end":{"line":79,"column":13}},"type":"if","locations":[{"start":{"line":60,"column":12},"end":{"line":79,"column":13}},{"start":{"line":75,"column":19},"end":{"line":79,"column":13}}],"line":60},"1":{"loc":{"start":{"line":64,"column":16},"end":{"line":74,"column":17}},"type":"if","locations":[{"start":{"line":64,"column":16},"end":{"line":74,"column":17}},{"start":{},"end":{}}],"line":64},"2":{"loc":{"start":{"line":71,"column":31},"end":{"line":71,"column":76}},"type":"binary-expr","locations":[{"start":{"line":71,"column":31},"end":{"line":71,"column":51}},{"start":{"line":71,"column":55},"end":{"line":71,"column":76}}],"line":71}},"s":{"0":0,"1":0,"2":0,"3":0,"4":0,"5":0,"6":0,"7":0,"8":0,"9":0,"10":0,"11":0,"12":0,"13":0,"14":0,"15":0,"16":0,"17":0,"18":0,"19":0,"20":0,"21":0,"22":0,"23":0,"24":0,"25":0,"26":0,"27":0,"28":0,"29":0,"30":0,"31":0,"32":0,"33":0,"34":0,"35":0,"36":0,"37":0,"38":0,"39":0,"40":0,"41":0},"f":{"0":0,"1":0,"2":0,"3":0,"4":0,"5":0,"6":0,"7":0,"8":0,"9":0,"10":0,"11":0,"12":0,"13":0,"14":0},"b":{"0":[0,0],"1":[0,0],"2":[0,0]}}
,"C:\\Users\\JaiCl\\Documents\\FIT4002 - Teamoji\\FIT4002\\client\\src\\pages\\welcome.js": {"path":"C:\\Users\\JaiCl\\Documents\\FIT4002 - Teamoji\\FIT4002\\client\\src\\pages\\welcome.js","statementMap":{"0":{"start":{"line":7,"column":20},"end":{"line":29,"column":1}},"1":{"start":{"line":8,"column":19},"end":{"line":8,"column":32}},"2":{"start":{"line":9,"column":19},"end":{"line":9,"column":32}},"3":{"start":{"line":10,"column":2},"end":{"line":10,"column":25}},"4":{"start":{"line":12,"column":30},"end":{"line":15,"column":3}},"5":{"start":{"line":13,"column":17},"end":{"line":13,"column":26}},"6":{"start":{"line":14,"column":4},"end":{"line":14,"column":18}},"7":{"start":{"line":17,"column":29},"end":{"line":20,"column":3}},"8":{"start":{"line":18,"column":17},"end":{"line":18,"column":25}},"9":{"start":{"line":19,"column":4},"end":{"line":19,"column":18}},"10":{"start":{"line":22,"column":2},"end":{"line":28,"column":3}}},"fnMap":{"0":{"name":"(anonymous_0)","decl":{"start":{"line":7,"column":20},"end":{"line":7,"column":21}},"loc":{"start":{"line":7,"column":26},"end":{"line":29,"column":1}},"line":7},"1":{"name":"(anonymous_1)","decl":{"start":{"line":12,"column":30},"end":{"line":12,"column":31}},"loc":{"start":{"line":12,"column":36},"end":{"line":15,"column":3}},"line":12},"2":{"name":"(anonymous_2)","decl":{"start":{"line":17,"column":29},"end":{"line":17,"column":30}},"loc":{"start":{"line":17,"column":35},"end":{"line":20,"column":3}},"line":17}},"branchMap":{},"s":{"0":0,"1":0,"2":0,"3":0,"4":0,"5":0,"6":0,"7":0,"8":0,"9":0,"10":0},"f":{"0":0,"1":0,"2":0},"b":{}}
,"C:\\Users\\JaiCl\\Documents\\FIT4002 - Teamoji\\FIT4002\\client\\src\\store\\store.js": {"path":"C:\\Users\\JaiCl\\Documents\\FIT4002 - Teamoji\\FIT4002\\client\\src\\store\\store.js","statementMap":{},"fnMap":{},"branchMap":{},"s":{},"f":{},"b":{}}
}
